#
# There is insufficient memory for the Java Runtime Environment to continue.
# Native memory allocation (malloc) failed to allocate 510896 bytes for Chunk::new
# Possible reasons:
#   The system is out of physical RAM or swap space
#   The process is running with CompressedOops enabled, and the Java Heap may be blocking the growth of the native heap
# Possible solutions:
#   Reduce memory load on the system
#   Increase physical memory or swap space
#   Check if swap backing store is full
#   Decrease Java heap size (-Xmx/-Xms)
#   Decrease number of Java threads
#   Decrease Java thread stack sizes (-Xss)
#   Set larger code cache with -XX:ReservedCodeCacheSize=
#   JVM is running with Unscaled Compressed Oops mode in which the Java heap is
#     placed in the first 4GB address space. The Java Heap base address is the
#     maximum limit for the native heap growth. Please use -XX:HeapBaseMinAddress
#     to set the Java Heap base and to place the Java Heap above 4GB virtual address.
# This output file may be truncated or incomplete.
#
#  Out of Memory Error (./src/hotspot/share/memory/arena.cpp:197), pid=2236, tid=116
#
# JRE version: OpenJDK Runtime Environment Temurin-11.0.12+7 (11.0.12+7) (build 11.0.12+7)
# Java VM: OpenJDK 64-Bit Server VM Temurin-11.0.12+7 (11.0.12+7, mixed mode, tiered, compressed oops, g1 gc, windows-amd64)
# No core dump will be written. Minidumps are not enabled by default on client versions of Windows
#

---------------  S U M M A R Y ------------

Command Line: -agentlib:jdwp=transport=dt_socket,server=n,suspend=y,address=localhost:62876 -Dfile.encoding=UTF-8 BackgroundImageJFrame

Host: Intel(R) Celeron(R) CPU  N2820  @ 2.13GHz, 2 cores, 3G,  Windows 10 , 64 bit Build 19041 (10.0.19041.1202)
Time: Fri Nov 12 22:46:19 2021 Hora oficial do Brasil elapsed time: 3.584309 seconds (0d 0h 0m 3s)

---------------  T H R E A D  ---------------

Current thread (0x0000024e2766f800):  JavaThread "C2 CompilerThread0" daemon [_thread_in_native, id=116, stack(0x000000cd07300000,0x000000cd07400000)]


Current CompileTask:
C2:   3584  528       4       jdk.internal.org.objectweb.asm.Frame::execute (2264 bytes)

Stack: [0x000000cd07300000,0x000000cd07400000]
Native frames: (J=compiled Java code, j=interpreted, Vv=VM code, C=native code)
V  [jvm.dll+0x601d0a]
V  [jvm.dll+0x78ab6e]
V  [jvm.dll+0x78c23f]
V  [jvm.dll+0x78c903]
V  [jvm.dll+0x24be68]
V  [jvm.dll+0xc219c]
V  [jvm.dll+0xc275c]
V  [jvm.dll+0x2bde24]
V  [jvm.dll+0x512bd9]
V  [jvm.dll+0x20d6ed]
V  [jvm.dll+0x207634]
V  [jvm.dll+0x2045da]
V  [jvm.dll+0x1898fc]
V  [jvm.dll+0x213d67]
V  [jvm.dll+0x211f2b]
V  [jvm.dll+0x74ec19]
V  [jvm.dll+0x747c84]
V  [jvm.dll+0x600ba6]
C  [ucrtbase.dll+0x21bb2]
C  [KERNEL32.DLL+0x17034]
C  [ntdll.dll+0x52651]


---------------  P R O C E S S  ---------------

Threads class SMR info:
_java_thread_list=0x0000024e28011240, length=16, elements={
0x0000024e0aa4b000, 0x0000024e27608800, 0x0000024e27612000, 0x0000024e27667800,
0x0000024e27669000, 0x0000024e2766b800, 0x0000024e2766f800, 0x0000024e27676000,
0x0000024e277e8800, 0x0000024e27934000, 0x0000024e27935800, 0x0000024e27936800,
0x0000024e27957800, 0x0000024e280a8000, 0x0000024e280a9000, 0x0000024e2804a800
}

Java Threads: ( => current thread )
  0x0000024e0aa4b000 JavaThread "main" [_thread_in_vm, id=5080, stack(0x000000cd06700000,0x000000cd06800000)]
  0x0000024e27608800 JavaThread "Reference Handler" daemon [_thread_blocked, id=8468, stack(0x000000cd06e00000,0x000000cd06f00000)]
  0x0000024e27612000 JavaThread "Finalizer" daemon [_thread_blocked, id=10232, stack(0x000000cd06f00000,0x000000cd07000000)]
  0x0000024e27667800 JavaThread "Signal Dispatcher" daemon [_thread_blocked, id=8108, stack(0x000000cd07000000,0x000000cd07100000)]
  0x0000024e27669000 JavaThread "Attach Listener" daemon [_thread_blocked, id=3932, stack(0x000000cd07100000,0x000000cd07200000)]
  0x0000024e2766b800 JavaThread "Service Thread" daemon [_thread_blocked, id=8620, stack(0x000000cd07200000,0x000000cd07300000)]
=>0x0000024e2766f800 JavaThread "C2 CompilerThread0" daemon [_thread_in_native, id=116, stack(0x000000cd07300000,0x000000cd07400000)]
  0x0000024e27676000 JavaThread "C1 CompilerThread0" daemon [_thread_blocked, id=2636, stack(0x000000cd07400000,0x000000cd07500000)]
  0x0000024e277e8800 JavaThread "Sweeper thread" daemon [_thread_blocked, id=10364, stack(0x000000cd07500000,0x000000cd07600000)]
  0x0000024e27934000 JavaThread "JDWP Transport Listener: dt_socket" daemon [_thread_blocked, id=904, stack(0x000000cd07600000,0x000000cd07700000)]
  0x0000024e27935800 JavaThread "JDWP Event Helper Thread" daemon [_thread_blocked, id=11180, stack(0x000000cd07700000,0x000000cd07800000)]
  0x0000024e27936800 JavaThread "JDWP Command Reader" daemon [_thread_in_native, id=2788, stack(0x000000cd07800000,0x000000cd07900000)]
  0x0000024e27957800 JavaThread "Common-Cleaner" daemon [_thread_blocked, id=7376, stack(0x000000cd07a00000,0x000000cd07b00000)]
  0x0000024e280a8000 JavaThread "Java2D Disposer" daemon [_thread_blocked, id=8996, stack(0x000000cd07b00000,0x000000cd07c00000)]
  0x0000024e280a9000 JavaThread "AWT-Shutdown" [_thread_blocked, id=7572, stack(0x000000cd07c00000,0x000000cd07d00000)]
  0x0000024e2804a800 JavaThread "AWT-Windows" daemon [_thread_in_native, id=9620, stack(0x000000cd07d00000,0x000000cd07e00000)]

Other Threads:
  0x0000024e275e6000 VMThread "VM Thread" [stack: 0x000000cd06d00000,0x000000cd06e00000] [id=11704]
  0x0000024e27947800 WatcherThread [stack: 0x000000cd07900000,0x000000cd07a00000] [id=5428]
  0x0000024e0aa64000 GCTaskThread "GC Thread#0" [stack: 0x000000cd06800000,0x000000cd06900000] [id=11672]
  0x0000024e0aa81800 ConcurrentGCThread "G1 Main Marker" [stack: 0x000000cd06900000,0x000000cd06a00000] [id=7216]
  0x0000024e0aa83000 ConcurrentGCThread "G1 Conc#0" [stack: 0x000000cd06a00000,0x000000cd06b00000] [id=9976]
  0x0000024e0aad0800 ConcurrentGCThread "G1 Refine#0" [stack: 0x000000cd06b00000,0x000000cd06c00000] [id=11128]
  0x0000024e0aad1800 ConcurrentGCThread "G1 Young RemSet Sampling" [stack: 0x000000cd06c00000,0x000000cd06d00000] [id=2512]

Threads with active compile tasks:
C2 CompilerThread0   3681  528       4       jdk.internal.org.objectweb.asm.Frame::execute (2264 bytes)

VM state:not at safepoint (normal execution)

VM Mutex/Monitor currently owned by a thread: None

Heap address: 0x00000000c1c00000, size: 996 MB, Compressed Oops mode: 32-bit
Narrow klass base: 0x0000000000000000, Narrow klass shift: 3
Compressed class space size: 1073741824 Address: 0x0000000100000000

Heap:
 garbage-first heap   total 65536K, used 4096K [0x00000000c1c00000, 0x0000000100000000)
  region size 1024K, 5 young (5120K), 0 survivors (0K)
 Metaspace       used 10217K, capacity 10490K, committed 10624K, reserved 1058816K
  class space    used 979K, capacity 1107K, committed 1152K, reserved 1048576K
Heap Regions: E=young(eden), S=young(survivor), O=old, HS=humongous(starts), HC=humongous(continues), CS=collection set, F=free, A=archive, TAMS=top-at-mark-start (previous, next)
|   0|0x00000000c1c00000, 0x00000000c1c00000, 0x00000000c1d00000|  0%| F|  |TAMS 0x00000000c1c00000, 0x00000000c1c00000| Untracked 
|   1|0x00000000c1d00000, 0x00000000c1d00000, 0x00000000c1e00000|  0%| F|  |TAMS 0x00000000c1d00000, 0x00000000c1d00000| Untracked 
|   2|0x00000000c1e00000, 0x00000000c1e00000, 0x00000000c1f00000|  0%| F|  |TAMS 0x00000000c1e00000, 0x00000000c1e00000| Untracked 
|   3|0x00000000c1f00000, 0x00000000c1f00000, 0x00000000c2000000|  0%| F|  |TAMS 0x00000000c1f00000, 0x00000000c1f00000| Untracked 
|   4|0x00000000c2000000, 0x00000000c2000000, 0x00000000c2100000|  0%| F|  |TAMS 0x00000000c2000000, 0x00000000c2000000| Untracked 
|   5|0x00000000c2100000, 0x00000000c2100000, 0x00000000c2200000|  0%| F|  |TAMS 0x00000000c2100000, 0x00000000c2100000| Untracked 
|   6|0x00000000c2200000, 0x00000000c2200000, 0x00000000c2300000|  0%| F|  |TAMS 0x00000000c2200000, 0x00000000c2200000| Untracked 
|   7|0x00000000c2300000, 0x00000000c2300000, 0x00000000c2400000|  0%| F|  |TAMS 0x00000000c2300000, 0x00000000c2300000| Untracked 
|   8|0x00000000c2400000, 0x00000000c2400000, 0x00000000c2500000|  0%| F|  |TAMS 0x00000000c2400000, 0x00000000c2400000| Untracked 
|   9|0x00000000c2500000, 0x00000000c2500000, 0x00000000c2600000|  0%| F|  |TAMS 0x00000000c2500000, 0x00000000c2500000| Untracked 
|  10|0x00000000c2600000, 0x00000000c2600000, 0x00000000c2700000|  0%| F|  |TAMS 0x00000000c2600000, 0x00000000c2600000| Untracked 
|  11|0x00000000c2700000, 0x00000000c2700000, 0x00000000c2800000|  0%| F|  |TAMS 0x00000000c2700000, 0x00000000c2700000| Untracked 
|  12|0x00000000c2800000, 0x00000000c2800000, 0x00000000c2900000|  0%| F|  |TAMS 0x00000000c2800000, 0x00000000c2800000| Untracked 
|  13|0x00000000c2900000, 0x00000000c2900000, 0x00000000c2a00000|  0%| F|  |TAMS 0x00000000c2900000, 0x00000000c2900000| Untracked 
|  14|0x00000000c2a00000, 0x00000000c2a00000, 0x00000000c2b00000|  0%| F|  |TAMS 0x00000000c2a00000, 0x00000000c2a00000| Untracked 
|  15|0x00000000c2b00000, 0x00000000c2b00000, 0x00000000c2c00000|  0%| F|  |TAMS 0x00000000c2b00000, 0x00000000c2b00000| Untracked 
|  16|0x00000000c2c00000, 0x00000000c2c00000, 0x00000000c2d00000|  0%| F|  |TAMS 0x00000000c2c00000, 0x00000000c2c00000| Untracked 
|  17|0x00000000c2d00000, 0x00000000c2d00000, 0x00000000c2e00000|  0%| F|  |TAMS 0x00000000c2d00000, 0x00000000c2d00000| Untracked 
|  18|0x00000000c2e00000, 0x00000000c2e00000, 0x00000000c2f00000|  0%| F|  |TAMS 0x00000000c2e00000, 0x00000000c2e00000| Untracked 
|  19|0x00000000c2f00000, 0x00000000c2f00000, 0x00000000c3000000|  0%| F|  |TAMS 0x00000000c2f00000, 0x00000000c2f00000| Untracked 
|  20|0x00000000c3000000, 0x00000000c3000000, 0x00000000c3100000|  0%| F|  |TAMS 0x00000000c3000000, 0x00000000c3000000| Untracked 
|  21|0x00000000c3100000, 0x00000000c3100000, 0x00000000c3200000|  0%| F|  |TAMS 0x00000000c3100000, 0x00000000c3100000| Untracked 
|  22|0x00000000c3200000, 0x00000000c3200000, 0x00000000c3300000|  0%| F|  |TAMS 0x00000000c3200000, 0x00000000c3200000| Untracked 
|  23|0x00000000c3300000, 0x00000000c3300000, 0x00000000c3400000|  0%| F|  |TAMS 0x00000000c3300000, 0x00000000c3300000| Untracked 
|  24|0x00000000c3400000, 0x00000000c3400000, 0x00000000c3500000|  0%| F|  |TAMS 0x00000000c3400000, 0x00000000c3400000| Untracked 
|  25|0x00000000c3500000, 0x00000000c3500000, 0x00000000c3600000|  0%| F|  |TAMS 0x00000000c3500000, 0x00000000c3500000| Untracked 
|  26|0x00000000c3600000, 0x00000000c3600000, 0x00000000c3700000|  0%| F|  |TAMS 0x00000000c3600000, 0x00000000c3600000| Untracked 
|  27|0x00000000c3700000, 0x00000000c3700000, 0x00000000c3800000|  0%| F|  |TAMS 0x00000000c3700000, 0x00000000c3700000| Untracked 
|  28|0x00000000c3800000, 0x00000000c3800000, 0x00000000c3900000|  0%| F|  |TAMS 0x00000000c3800000, 0x00000000c3800000| Untracked 
|  29|0x00000000c3900000, 0x00000000c3900000, 0x00000000c3a00000|  0%| F|  |TAMS 0x00000000c3900000, 0x00000000c3900000| Untracked 
|  30|0x00000000c3a00000, 0x00000000c3a00000, 0x00000000c3b00000|  0%| F|  |TAMS 0x00000000c3a00000, 0x00000000c3a00000| Untracked 
|  31|0x00000000c3b00000, 0x00000000c3b00000, 0x00000000c3c00000|  0%| F|  |TAMS 0x00000000c3b00000, 0x00000000c3b00000| Untracked 
|  32|0x00000000c3c00000, 0x00000000c3c00000, 0x00000000c3d00000|  0%| F|  |TAMS 0x00000000c3c00000, 0x00000000c3c00000| Untracked 
|  33|0x00000000c3d00000, 0x00000000c3d00000, 0x00000000c3e00000|  0%| F|  |TAMS 0x00000000c3d00000, 0x00000000c3d00000| Untracked 
|  34|0x00000000c3e00000, 0x00000000c3e00000, 0x00000000c3f00000|  0%| F|  |TAMS 0x00000000c3e00000, 0x00000000c3e00000| Untracked 
|  35|0x00000000c3f00000, 0x00000000c3f00000, 0x00000000c4000000|  0%| F|  |TAMS 0x00000000c3f00000, 0x00000000c3f00000| Untracked 
|  36|0x00000000c4000000, 0x00000000c4000000, 0x00000000c4100000|  0%| F|  |TAMS 0x00000000c4000000, 0x00000000c4000000| Untracked 
|  37|0x00000000c4100000, 0x00000000c4100000, 0x00000000c4200000|  0%| F|  |TAMS 0x00000000c4100000, 0x00000000c4100000| Untracked 
|  38|0x00000000c4200000, 0x00000000c4200000, 0x00000000c4300000|  0%| F|  |TAMS 0x00000000c4200000, 0x00000000c4200000| Untracked 
|  39|0x00000000c4300000, 0x00000000c4300000, 0x00000000c4400000|  0%| F|  |TAMS 0x00000000c4300000, 0x00000000c4300000| Untracked 
|  40|0x00000000c4400000, 0x00000000c4400000, 0x00000000c4500000|  0%| F|  |TAMS 0x00000000c4400000, 0x00000000c4400000| Untracked 
|  41|0x00000000c4500000, 0x00000000c4500000, 0x00000000c4600000|  0%| F|  |TAMS 0x00000000c4500000, 0x00000000c4500000| Untracked 
|  42|0x00000000c4600000, 0x00000000c4600000, 0x00000000c4700000|  0%| F|  |TAMS 0x00000000c4600000, 0x00000000c4600000| Untracked 
|  43|0x00000000c4700000, 0x00000000c4700000, 0x00000000c4800000|  0%| F|  |TAMS 0x00000000c4700000, 0x00000000c4700000| Untracked 
|  44|0x00000000c4800000, 0x00000000c4800000, 0x00000000c4900000|  0%| F|  |TAMS 0x00000000c4800000, 0x00000000c4800000| Untracked 
|  45|0x00000000c4900000, 0x00000000c4900000, 0x00000000c4a00000|  0%| F|  |TAMS 0x00000000c4900000, 0x00000000c4900000| Untracked 
|  46|0x00000000c4a00000, 0x00000000c4a00000, 0x00000000c4b00000|  0%| F|  |TAMS 0x00000000c4a00000, 0x00000000c4a00000| Untracked 
|  47|0x00000000c4b00000, 0x00000000c4b00000, 0x00000000c4c00000|  0%| F|  |TAMS 0x00000000c4b00000, 0x00000000c4b00000| Untracked 
|  48|0x00000000c4c00000, 0x00000000c4c00000, 0x00000000c4d00000|  0%| F|  |TAMS 0x00000000c4c00000, 0x00000000c4c00000| Untracked 
|  49|0x00000000c4d00000, 0x00000000c4d00000, 0x00000000c4e00000|  0%| F|  |TAMS 0x00000000c4d00000, 0x00000000c4d00000| Untracked 
|  50|0x00000000c4e00000, 0x00000000c4e00000, 0x00000000c4f00000|  0%| F|  |TAMS 0x00000000c4e00000, 0x00000000c4e00000| Untracked 
|  51|0x00000000c4f00000, 0x00000000c4f00000, 0x00000000c5000000|  0%| F|  |TAMS 0x00000000c4f00000, 0x00000000c4f00000| Untracked 
|  52|0x00000000c5000000, 0x00000000c5000000, 0x00000000c5100000|  0%| F|  |TAMS 0x00000000c5000000, 0x00000000c5000000| Untracked 
|  53|0x00000000c5100000, 0x00000000c5100000, 0x00000000c5200000|  0%| F|  |TAMS 0x00000000c5100000, 0x00000000c5100000| Untracked 
|  54|0x00000000c5200000, 0x00000000c5200000, 0x00000000c5300000|  0%| F|  |TAMS 0x00000000c5200000, 0x00000000c5200000| Untracked 
|  55|0x00000000c5300000, 0x00000000c5300000, 0x00000000c5400000|  0%| F|  |TAMS 0x00000000c5300000, 0x00000000c5300000| Untracked 
|  56|0x00000000c5400000, 0x00000000c5400000, 0x00000000c5500000|  0%| F|  |TAMS 0x00000000c5400000, 0x00000000c5400000| Untracked 
|  57|0x00000000c5500000, 0x00000000c5500000, 0x00000000c5600000|  0%| F|  |TAMS 0x00000000c5500000, 0x00000000c5500000| Untracked 
|  58|0x00000000c5600000, 0x00000000c5600000, 0x00000000c5700000|  0%| F|  |TAMS 0x00000000c5600000, 0x00000000c5600000| Untracked 
|  59|0x00000000c5700000, 0x00000000c57fbf98, 0x00000000c5800000| 98%| E|  |TAMS 0x00000000c5700000, 0x00000000c5700000| Complete 
|  60|0x00000000c5800000, 0x00000000c5900000, 0x00000000c5900000|100%| E|CS|TAMS 0x00000000c5800000, 0x00000000c5800000| Complete 
|  61|0x00000000c5900000, 0x00000000c5a00000, 0x00000000c5a00000|100%| E|CS|TAMS 0x00000000c5900000, 0x00000000c5900000| Complete 
|  62|0x00000000c5a00000, 0x00000000c5b00000, 0x00000000c5b00000|100%| E|CS|TAMS 0x00000000c5a00000, 0x00000000c5a00000| Complete 
|  63|0x00000000c5b00000, 0x00000000c5c00000, 0x00000000c5c00000|100%| E|CS|TAMS 0x00000000c5b00000, 0x00000000c5b00000| Complete 

Card table byte_map: [0x0000024e22770000,0x0000024e22970000] _byte_map_base: 0x0000024e22162000

Marking Bits (Prev, Next): (CMBitMap*) 0x0000024e0aa7cdc8, (CMBitMap*) 0x0000024e0aa7ce00
 Prev Bits: [0x0000024e22b70000, 0x0000024e23b00000)
 Next Bits: [0x0000024e23b00000, 0x0000024e24a90000)

Polling page: 0x0000024e09070000

Metaspace:

Usage:
  Non-class:      9.16 MB capacity,     9.02 MB ( 98%) used,   122.61 KB (  1%) free+waste,    23.19 KB ( <1%) overhead. 
      Class:      1.08 MB capacity,   979.80 KB ( 89%) used,   115.20 KB ( 10%) free+waste,    12.00 KB (  1%) overhead. 
       Both:     10.24 MB capacity,     9.98 MB ( 97%) used,   237.80 KB (  2%) free+waste,    35.19 KB ( <1%) overhead. 

Virtual space:
  Non-class space:       10.00 MB reserved,       9.25 MB ( 93%) committed 
      Class space:        1.00 GB reserved,       1.13 MB ( <1%) committed 
             Both:        1.01 GB reserved,      10.38 MB (  1%) committed 

Chunk freelists:
   Non-Class:  25.00 KB
       Class:  0 bytes
        Both:  25.00 KB

MaxMetaspaceSize: 17179869184.00 GB
CompressedClassSpaceSize: 1.00 GB
Initial GC threshold: 20.80 MB
Current GC threshold: 20.80 MB
CDS: off

CodeHeap 'non-profiled nmethods': size=120064Kb used=181Kb max_used=181Kb free=119882Kb
 bounds [0x0000024e1ac30000, 0x0000024e1aea0000, 0x0000024e22170000]
CodeHeap 'profiled nmethods': size=120000Kb used=936Kb max_used=936Kb free=119063Kb
 bounds [0x0000024e13700000, 0x0000024e13970000, 0x0000024e1ac30000]
CodeHeap 'non-nmethods': size=5696Kb used=1258Kb max_used=1266Kb free=4437Kb
 bounds [0x0000024e13170000, 0x0000024e133e0000, 0x0000024e13700000]
 total_blobs=1005 nmethods=571 adapters=356
 compilation: enabled
              stopped_count=0, restarted_count=0
 full_count=0

Compilation events (20 events):
Event: 3.454 Thread 0x0000024e27676000  539       3       jdk.internal.org.objectweb.asm.MethodWriter::visitFrame (233 bytes)
Event: 3.457 Thread 0x0000024e27676000 nmethod 539 0x0000024e137d3390 code [0x0000024e137d35c0, 0x0000024e137d3dd8]
Event: 3.495 Thread 0x0000024e27676000  540       3       java.util.HashMap$HashIterator::hasNext (13 bytes)
Event: 3.495 Thread 0x0000024e27676000 nmethod 540 0x0000024e137d4210 code [0x0000024e137d43c0, 0x0000024e137d4518]
Event: 3.495 Thread 0x0000024e27676000  541       3       java.util.HashMap$HashIterator::nextNode (100 bytes)
Event: 3.496 Thread 0x0000024e27676000 nmethod 541 0x0000024e137d4590 code [0x0000024e137d47a0, 0x0000024e137d4cf8]
Event: 3.496 Thread 0x0000024e27676000  543       3       java.lang.StringLatin1::getChar (9 bytes)
Event: 3.497 Thread 0x0000024e27676000 nmethod 543 0x0000024e137d4f10 code [0x0000024e137d50c0, 0x0000024e137d51d8]
Event: 3.497 Thread 0x0000024e27676000  545       3       java.lang.String::compareTo (9 bytes)
Event: 3.497 Thread 0x0000024e27676000 nmethod 545 0x0000024e137d5290 code [0x0000024e137d5460, 0x0000024e137d5688]
Event: 3.497 Thread 0x0000024e27676000  548       3       java.lang.StringLatin1::compareTo (52 bytes)
Event: 3.498 Thread 0x0000024e27676000 nmethod 548 0x0000024e137d5790 code [0x0000024e137d5980, 0x0000024e137d5d38]
Event: 3.498 Thread 0x0000024e27676000  546       3       java.lang.String::compareTo (63 bytes)
Event: 3.500 Thread 0x0000024e27676000 nmethod 546 0x0000024e137d5f10 code [0x0000024e137d61a0, 0x0000024e137d6c18]
Event: 3.500 Thread 0x0000024e27676000  549       1       java.util.HashMap$Node::getKey (5 bytes)
Event: 3.500 Thread 0x0000024e27676000 nmethod 549 0x0000024e1ac5bf10 code [0x0000024e1ac5c0c0, 0x0000024e1ac5c178]
Event: 3.500 Thread 0x0000024e27676000  550       1       java.util.HashMap$Node::getValue (5 bytes)
Event: 3.501 Thread 0x0000024e27676000 nmethod 550 0x0000024e1ac5c210 code [0x0000024e1ac5c3c0, 0x0000024e1ac5c478]
Event: 3.501 Thread 0x0000024e27676000  547       3       java.lang.StringLatin1::compareTo (14 bytes)
Event: 3.501 Thread 0x0000024e27676000 nmethod 547 0x0000024e137d7110 code [0x0000024e137d72c0, 0x0000024e137d7408]

GC Heap History (0 events):
No events

Deoptimization events (4 events):
Event: 1.664 Thread 0x0000024e0aa4b000 Uncommon trap: trap_request=0xffffff4d fr.pc=0x0000024e1ac34240 relative=0x00000000000001a0
Event: 1.664 Thread 0x0000024e0aa4b000 Uncommon trap: reason=unstable_if action=reinterpret pc=0x0000024e1ac34240 method=java.lang.String.hashCode()I @ 14 c2
Event: 1.664 Thread 0x0000024e0aa4b000 DEOPT PACKING pc=0x0000024e1ac34240 sp=0x000000cd067fd570
Event: 1.664 Thread 0x0000024e0aa4b000 DEOPT UNPACKING pc=0x0000024e131ba1aa sp=0x000000cd067fd518 mode 2

Classes redefined (0 events):
No events

Internal exceptions (11 events):
Event: 2.206 Thread 0x0000024e0aa4b000 Exception <a 'java/lang/ClassNotFoundException'{0x00000000c5a52d08}: sun/awt/resources/spi/awtProvider> (0x00000000c5a52d08) thrown at [./src/hotspot/share/classfile/systemDictionary.cpp, line 231]
Event: 2.523 Thread 0x0000024e0aa4b000 Exception <a 'java/io/FileNotFoundException'{0x00000000c5aecda8}> (0x00000000c5aecda8) thrown at [./src/hotspot/share/prims/jni.cpp, line 615]
Event: 2.606 Thread 0x0000024e0aa4b000 Exception <a 'java/lang/NoSuchMethodError'{0x00000000c5948948}: 'java.lang.Object java.lang.invoke.DirectMethodHandle$Holder.invokeStatic(java.lang.Object, java.lang.Object, java.lang.Object, java.lang.Object, java.lang.Object, java.lang.Object, java.lang.Object, java.lang.Object, java.lang.Object, java.lang.Object, java.lang.Object, java.lang.Object, java.lang.Object, java.lang.Object, java.lang.Object)'> (0x00000000c5948948) thrown at [./src/hotspot/share/interpreter/linkResolver.cpp, line 773]
Event: 2.622 Thread 0x0000024e0aa4b000 Exception <a 'java/lang/NoSuchMethodError'{0x00000000c59566b8}: 'java.lang.Object java.lang.invoke.DirectMethodHandle$Holder.invokeStatic(java.lang.Object, java.lang.Object, java.lang.Object, java.lang.Object, java.lang.Object, java.lang.Object, java.lang.Object, java.lang.Object, java.lang.Object, java.lang.Object, java.lang.Object, java.lang.Object, java.lang.Object, java.lang.Object, java.lang.Object, java.lang.Object)'> (0x00000000c59566b8) thrown at [./src/hotspot/share/interpreter/linkResolver.cpp, l
Event: 2.636 Thread 0x0000024e0aa4b000 Exception <a 'java/lang/NoSuchMethodError'{0x00000000c5964328}: 'java.lang.Object java.lang.invoke.DirectMethodHandle$Holder.invokeSpecial(java.lang.Object, java.lang.Object, int, int, java.lang.Object, java.lang.Object, java.lang.Object)'> (0x00000000c5964328) thrown at [./src/hotspot/share/interpreter/linkResolver.cpp, line 773]
Event: 2.637 Thread 0x0000024e0aa4b000 Exception <a 'java/lang/NoSuchMethodError'{0x00000000c59678b8}: 'java.lang.Object java.lang.invoke.DelegatingMethodHandle$Holder.reinvoke_L(java.lang.Object, int, int, java.lang.Object, java.lang.Object, java.lang.Object)'> (0x00000000c59678b8) thrown at [./src/hotspot/share/interpreter/linkResolver.cpp, line 773]
Event: 2.641 Thread 0x0000024e0aa4b000 Exception <a 'java/lang/NoSuchMethodError'{0x00000000c596b998}: 'java.lang.Object java.lang.invoke.DirectMethodHandle$Holder.invokeStatic(java.lang.Object, java.lang.Object, java.lang.Object, java.lang.Object, int)'> (0x00000000c596b998) thrown at [./src/hotspot/share/interpreter/linkResolver.cpp, line 773]
Event: 2.712 Thread 0x0000024e0aa4b000 Exception <a 'java/io/FileNotFoundException'{0x00000000c59ceb58}> (0x00000000c59ceb58) thrown at [./src/hotspot/share/prims/jni.cpp, line 615]
Event: 3.237 Thread 0x0000024e2804a800 Exception <a 'java/lang/NoSuchMethodError'{0x00000000c5871238}: 'void java.lang.invoke.DirectMethodHandle$Holder.invokeSpecial(java.lang.Object, java.lang.Object)'> (0x00000000c5871238) thrown at [./src/hotspot/share/interpreter/linkResolver.cpp, line 773]
Event: 3.254 Thread 0x0000024e0aa4b000 Exception <a 'java/lang/NoSuchMethodError'{0x00000000c58a0500}: 'java.lang.Object java.lang.invoke.DirectMethodHandle$Holder.invokeStatic(java.lang.Object, java.lang.Object, java.lang.Object, java.lang.Object, java.lang.Object, java.lang.Object, java.lang.Object, java.lang.Object, int)'> (0x00000000c58a0500) thrown at [./src/hotspot/share/interpreter/linkResolver.cpp, line 773]
Event: 3.262 Thread 0x0000024e0aa4b000 Exception <a 'java/lang/NoSuchMethodError'{0x00000000c58ba6b0}: 'java.lang.Object java.lang.invoke.DirectMethodHandle$Holder.invokeStatic(java.lang.Object, java.lang.Object, java.lang.Object, java.lang.Object, java.lang.Object, java.lang.Object, java.lang.Object, java.lang.Object, int, int)'> (0x00000000c58ba6b0) thrown at [./src/hotspot/share/interpreter/linkResolver.cpp, line 773]

Events (20 events):
Event: 3.394 loading class sun/awt/SunHints$Key
Event: 3.395 loading class java/awt/RenderingHints$Key
Event: 3.395 loading class java/awt/RenderingHints$Key done
Event: 3.395 loading class sun/awt/SunHints$Key done
Event: 3.492 loading class sun/awt/SunHints$Value
Event: 3.493 loading class sun/awt/SunHints$Value done
Event: 3.494 loading class sun/awt/SunHints$LCDContrastKey
Event: 3.494 loading class sun/awt/SunHints$LCDContrastKey done
Event: 3.495 loading class java/util/Arrays$LegacyMergeSort
Event: 3.495 loading class java/util/Arrays$LegacyMergeSort done
Event: 3.495 loading class java/util/ComparableTimSort
Event: 3.496 loading class java/util/ComparableTimSort done
Event: 3.498 loading class java/beans/PropertyChangeEvent
Event: 3.499 loading class java/beans/PropertyChangeEvent done
Event: 3.499 loading class java/awt/Toolkit$DesktopPropertyChangeSupport$1
Event: 3.499 loading class java/awt/Toolkit$DesktopPropertyChangeSupport$1 done
Event: 3.499 loading class java/util/IdentityHashMap$Values
Event: 3.499 loading class java/util/IdentityHashMap$Values done
Event: 3.500 loading class java/util/IdentityHashMap$ValueIterator
Event: 3.500 loading class java/util/IdentityHashMap$IdentityHashMapIterator


Dynamic libraries:
0x00007ff62b330000 - 0x00007ff62b33d000 	C:\Program Files\Eclipse Foundation\jdk-11.0.12.7-hotspot\bin\java.exe
0x00007ffc904d0000 - 0x00007ffc906c5000 	C:\WINDOWS\SYSTEM32\ntdll.dll
0x00007ffc8f710000 - 0x00007ffc8f7ce000 	C:\WINDOWS\System32\KERNEL32.DLL
0x00007ffc8de10000 - 0x00007ffc8e0d9000 	C:\WINDOWS\System32\KERNELBASE.dll
0x00007ffc8e280000 - 0x00007ffc8e380000 	C:\WINDOWS\System32\ucrtbase.dll
0x00007ffc88910000 - 0x00007ffc88925000 	C:\Program Files\Eclipse Foundation\jdk-11.0.12.7-hotspot\bin\VCRUNTIME140.dll
0x00007ffc88980000 - 0x00007ffc88997000 	C:\Program Files\Eclipse Foundation\jdk-11.0.12.7-hotspot\bin\jli.dll
0x00007ffc8e8c0000 - 0x00007ffc8ea61000 	C:\WINDOWS\System32\USER32.dll
0x00007ffc7d520000 - 0x00007ffc7d7ba000 	C:\WINDOWS\WinSxS\amd64_microsoft.windows.common-controls_6595b64144ccf1df_6.0.19041.1110_none_60b5254171f9507e\COMCTL32.dll
0x00007ffc8e380000 - 0x00007ffc8e3a2000 	C:\WINDOWS\System32\win32u.dll
0x00007ffc8ed70000 - 0x00007ffc8ee0e000 	C:\WINDOWS\System32\msvcrt.dll
0x00007ffc8f7d0000 - 0x00007ffc8f7fb000 	C:\WINDOWS\System32\GDI32.dll
0x00007ffc8e170000 - 0x00007ffc8e27b000 	C:\WINDOWS\System32\gdi32full.dll
0x00007ffc8dce0000 - 0x00007ffc8dd7d000 	C:\WINDOWS\System32\msvcp_win.dll
0x00007ffc8e7e0000 - 0x00007ffc8e810000 	C:\WINDOWS\System32\IMM32.DLL
0x00007ffc6c8f0000 - 0x00007ffc6c98b000 	C:\Program Files\Eclipse Foundation\jdk-11.0.12.7-hotspot\bin\msvcp140.dll
0x00007ffc415c0000 - 0x00007ffc42119000 	C:\Program Files\Eclipse Foundation\jdk-11.0.12.7-hotspot\bin\server\jvm.dll
0x00007ffc8e810000 - 0x00007ffc8e8bc000 	C:\WINDOWS\System32\ADVAPI32.dll
0x00007ffc8ef50000 - 0x00007ffc8efeb000 	C:\WINDOWS\System32\sechost.dll
0x00007ffc90360000 - 0x00007ffc9048a000 	C:\WINDOWS\System32\RPCRT4.dll
0x00007ffc8ef40000 - 0x00007ffc8ef48000 	C:\WINDOWS\System32\PSAPI.DLL
0x00007ffc7f340000 - 0x00007ffc7f367000 	C:\WINDOWS\SYSTEM32\WINMM.dll
0x00007ffc889e0000 - 0x00007ffc889e9000 	C:\WINDOWS\SYSTEM32\WSOCK32.dll
0x00007ffc8eaf0000 - 0x00007ffc8eb5b000 	C:\WINDOWS\System32\WS2_32.dll
0x00007ffc7c040000 - 0x00007ffc7c04a000 	C:\WINDOWS\SYSTEM32\VERSION.dll
0x00007ffc8c7d0000 - 0x00007ffc8c7e2000 	C:\WINDOWS\SYSTEM32\kernel.appcore.dll
0x00007ffc889c0000 - 0x00007ffc889d0000 	C:\Program Files\Eclipse Foundation\jdk-11.0.12.7-hotspot\bin\verify.dll
0x00007ffc89300000 - 0x00007ffc894e4000 	C:\WINDOWS\SYSTEM32\DBGHELP.DLL
0x00007ffc892b0000 - 0x00007ffc892dc000 	C:\WINDOWS\SYSTEM32\dbgcore.DLL
0x00007ffc8e0e0000 - 0x00007ffc8e163000 	C:\WINDOWS\System32\bcryptPrimitives.dll
0x00007ffc85240000 - 0x00007ffc85268000 	C:\Program Files\Eclipse Foundation\jdk-11.0.12.7-hotspot\bin\java.dll
0x00007ffc88830000 - 0x00007ffc8883a000 	C:\Program Files\Eclipse Foundation\jdk-11.0.12.7-hotspot\bin\jimage.dll
0x00007ffc748f0000 - 0x00007ffc74928000 	C:\Program Files\Eclipse Foundation\jdk-11.0.12.7-hotspot\bin\jdwp.dll
0x00007ffc85d10000 - 0x00007ffc85d27000 	C:\Program Files\Eclipse Foundation\jdk-11.0.12.7-hotspot\bin\zip.dll
0x00007ffc8fc10000 - 0x00007ffc9034f000 	C:\WINDOWS\System32\SHELL32.dll
0x00007ffc8bcf0000 - 0x00007ffc8c480000 	C:\WINDOWS\SYSTEM32\windows.storage.dll
0x00007ffc8f8b0000 - 0x00007ffc8fc05000 	C:\WINDOWS\System32\combase.dll
0x00007ffc8d660000 - 0x00007ffc8d68c000 	C:\WINDOWS\SYSTEM32\Wldp.dll
0x00007ffc8e730000 - 0x00007ffc8e7dd000 	C:\WINDOWS\System32\SHCORE.dll
0x00007ffc8ed10000 - 0x00007ffc8ed65000 	C:\WINDOWS\System32\shlwapi.dll
0x00007ffc8dc20000 - 0x00007ffc8dc3f000 	C:\WINDOWS\SYSTEM32\profapi.dll
0x00007ffc85080000 - 0x00007ffc8508a000 	C:\Program Files\Eclipse Foundation\jdk-11.0.12.7-hotspot\bin\dt_socket.dll
0x00007ffc8d3c0000 - 0x00007ffc8d42a000 	C:\WINDOWS\System32\mswsock.dll
0x00007ffc8d0f0000 - 0x00007ffc8d1bc000 	C:\WINDOWS\SYSTEM32\DNSAPI.dll
0x00007ffc8d0b0000 - 0x00007ffc8d0eb000 	C:\WINDOWS\SYSTEM32\IPHLPAPI.DLL
0x00007ffc8f140000 - 0x00007ffc8f148000 	C:\WINDOWS\System32\NSI.dll
0x00007ffc7e330000 - 0x00007ffc7e3af000 	C:\WINDOWS\System32\fwpuclnt.dll
0x00007ffc8dde0000 - 0x00007ffc8de07000 	C:\WINDOWS\System32\bcrypt.dll
0x00007ffc7afc0000 - 0x00007ffc7afca000 	C:\Windows\System32\rasadhlp.dll
0x00007ffc850a0000 - 0x00007ffc850b9000 	C:\Program Files\Eclipse Foundation\jdk-11.0.12.7-hotspot\bin\net.dll
0x00007ffc7f440000 - 0x00007ffc7f548000 	C:\WINDOWS\SYSTEM32\WINHTTP.dll
0x00007ffc84fd0000 - 0x00007ffc84fe2000 	C:\Program Files\Eclipse Foundation\jdk-11.0.12.7-hotspot\bin\nio.dll
0x00007ffc5ad90000 - 0x00007ffc5af29000 	C:\Program Files\Eclipse Foundation\jdk-11.0.12.7-hotspot\bin\awt.dll
0x00007ffc8ee10000 - 0x00007ffc8eedd000 	C:\WINDOWS\System32\OLEAUT32.dll
0x00007ffc8b4e0000 - 0x00007ffc8b570000 	C:\WINDOWS\SYSTEM32\apphelp.dll
0x00007ffc8b820000 - 0x00007ffc8b84f000 	C:\WINDOWS\system32\DWMAPI.DLL
0x00007ffc8b630000 - 0x00007ffc8b6ce000 	C:\WINDOWS\system32\uxtheme.dll
0x00007ffc7a090000 - 0x00007ffc7a1b5000 	C:\WINDOWS\system32\opengl32.dll
0x00007ffc7a060000 - 0x00007ffc7a08c000 	C:\WINDOWS\SYSTEM32\GLU32.dll
0x00007ffc8e610000 - 0x00007ffc8e725000 	C:\WINDOWS\System32\MSCTF.dll
0x00007ffc8f010000 - 0x00007ffc8f13a000 	C:\WINDOWS\System32\ole32.dll

dbghelp: loaded successfully - version: 4.0.5 - missing functions: none
symbol engine: initialized successfully - sym options: 0x614 - pdb path: .;C:\Program Files\Eclipse Foundation\jdk-11.0.12.7-hotspot\bin;C:\WINDOWS\SYSTEM32;C:\WINDOWS\WinSxS\amd64_microsoft.windows.common-controls_6595b64144ccf1df_6.0.19041.1110_none_60b5254171f9507e;C:\Program Files\Eclipse Foundation\jdk-11.0.12.7-hotspot\bin\server

VM Arguments:
jvm_args: -agentlib:jdwp=transport=dt_socket,server=n,suspend=y,address=localhost:62876 -Dfile.encoding=UTF-8 
java_command: BackgroundImageJFrame
java_class_path (initial): C:\Users\HP\AppData\Roaming\Code\User\workspaceStorage\6387b7759385e639c85cc7f12ee0be0f\redhat.java\jdt_ws\projetoJSON-5_ec0fc45a\bin;c:\Users\HP\Desktop\Trabalho Java\projetoJSON-5\utils\mysql-connector-java-8.0.21.jar;c:\Users\HP\Desktop\Trabalho Java\projetoJSON-5\utils\json-simple-1.1.1.jar
Launcher Type: SUN_STANDARD

[Global flags]
     intx CICompilerCount                          = 2                                         {product} {ergonomic}
     uint ConcGCThreads                            = 1                                         {product} {ergonomic}
     uint G1ConcRefinementThreads                  = 2                                         {product} {ergonomic}
   size_t G1HeapRegionSize                         = 1048576                                   {product} {ergonomic}
    uintx GCDrainStackTargetSize                   = 64                                        {product} {ergonomic}
   size_t InitialHeapSize                          = 67108864                                  {product} {ergonomic}
   size_t MarkStackSize                            = 4194304                                   {product} {ergonomic}
   size_t MaxHeapSize                              = 1044381696                                {product} {ergonomic}
   size_t MaxNewSize                               = 625999872                                 {product} {ergonomic}
   size_t MinHeapDeltaBytes                        = 1048576                                   {product} {ergonomic}
    uintx NonNMethodCodeHeapSize                   = 5825164                                {pd product} {ergonomic}
    uintx NonProfiledCodeHeapSize                  = 122916538                              {pd product} {ergonomic}
    uintx ProfiledCodeHeapSize                     = 122916538                              {pd product} {ergonomic}
    uintx ReservedCodeCacheSize                    = 251658240                              {pd product} {ergonomic}
     bool SegmentedCodeCache                       = true                                      {product} {ergonomic}
     bool UseCompressedClassPointers               = true                                 {lp64_product} {ergonomic}
     bool UseCompressedOops                        = true                                 {lp64_product} {ergonomic}
     bool UseG1GC                                  = true                                      {product} {ergonomic}
     bool UseLargePagesIndividualAllocation        = false                                  {pd product} {ergonomic}

Logging:
Log output configuration:
 #0: stdout all=warning uptime,level,tags
 #1: stderr all=off uptime,level,tags

Environment Variables:
PATH=C:\Program Files\Eclipse Foundation\jdk-11.0.12.7-hotspot\bin;C:\Program Files (x86)\Common Files\Oracle\Java\javapath;C:\WINDOWS\system32;C:\WINDOWS;C:\WINDOWS\System32\Wbem;C:\WINDOWS\System32\WindowsPowerShell\v1.0\;C:\WINDOWS\System32\OpenSSH\;C:\Users\HP\AppData\Local\Microsoft\WindowsApps;;C:\Users\HP\AppData\Local\Programs\Microsoft VS Code\bin
USERNAME=HP
LANG=pt_BR.UTF-8
OS=Windows_NT
PROCESSOR_IDENTIFIER=Intel64 Family 6 Model 55 Stepping 3, GenuineIntel



---------------  S Y S T E M  ---------------

OS: Windows 10 , 64 bit Build 19041 (10.0.19041.1202)
OS uptime: 0 days 2:19 hours

CPU:total 2 (initial active 2) (2 cores per cpu, 1 threads per core) family 6 model 55 stepping 3 microcode 0x326, cmov, cx8, fxsr, mmx, sse, sse2, sse3, ssse3, sse4.1, sse4.2, popcnt, clmul, erms, 3dnowpref, tsc, tscinvbit

Memory: 4k page, system-wide physical 3983M (246M free)
TotalPageFile size 3983M (AvailPageFile size 0M)
current process WorkingSet (physical memory assigned to process): 51M, peak: 51M
current process commit charge ("private bytes"): 138M, peak: 138M

vm_info: OpenJDK 64-Bit Server VM (11.0.12+7) for windows-amd64 JRE (11.0.12+7), built on Jul 21 2021 16:23:49 by "" with unknown MS VC++:1916

END.
