#
# There is insufficient memory for the Java Runtime Environment to continue.
# Native memory allocation (malloc) failed to allocate 2387856 bytes for Chunk::new
# Possible reasons:
#   The system is out of physical RAM or swap space
#   The process is running with CompressedOops enabled, and the Java Heap may be blocking the growth of the native heap
# Possible solutions:
#   Reduce memory load on the system
#   Increase physical memory or swap space
#   Check if swap backing store is full
#   Decrease Java heap size (-Xmx/-Xms)
#   Decrease number of Java threads
#   Decrease Java thread stack sizes (-Xss)
#   Set larger code cache with -XX:ReservedCodeCacheSize=
#   JVM is running with Unscaled Compressed Oops mode in which the Java heap is
#     placed in the first 4GB address space. The Java Heap base address is the
#     maximum limit for the native heap growth. Please use -XX:HeapBaseMinAddress
#     to set the Java Heap base and to place the Java Heap above 4GB virtual address.
# This output file may be truncated or incomplete.
#
#  Out of Memory Error (./src/hotspot/share/memory/arena.cpp:197), pid=12040, tid=6860
#
# JRE version: OpenJDK Runtime Environment Temurin-11.0.12+7 (11.0.12+7) (build 11.0.12+7)
# Java VM: OpenJDK 64-Bit Server VM Temurin-11.0.12+7 (11.0.12+7, mixed mode, tiered, compressed oops, parallel gc, windows-amd64)
# No core dump will be written. Minidumps are not enabled by default on client versions of Windows
#

---------------  S U M M A R Y ------------

Command Line: --add-modules=ALL-SYSTEM --add-opens=java.base/java.util=ALL-UNNAMED --add-opens=java.base/java.lang=ALL-UNNAMED -Declipse.application=org.eclipse.jdt.ls.core.id1 -Dosgi.bundles.defaultStartLevel=4 -Declipse.product=org.eclipse.jdt.ls.core.product -Dfile.encoding=utf8 -DwatchParentProcess=false -XX:+UseParallelGC -XX:GCTimeRatio=4 -XX:AdaptiveSizePolicyWeight=90 -Dsun.zip.disableMemoryMapping=true -Xmx1G -Xms100m -Xverify:none c:\Users\HP\.vscode\extensions\redhat.java-1.0.0\server\plugins\org.eclipse.equinox.launcher_1.6.400.v20210924-0641.jar -configuration c:\Users\HP\AppData\Roaming\Code\User\globalStorage\redhat.java\1.0.0\config_win -data c:\Users\HP\AppData\Roaming\Code\User\workspaceStorage\6387b7759385e639c85cc7f12ee0be0f\redhat.java\jdt_ws

Host: Intel(R) Celeron(R) CPU  N2820  @ 2.13GHz, 2 cores, 3G,  Windows 10 , 64 bit Build 19041 (10.0.19041.1202)
Time: Fri Nov 12 22:05:40 2021 Hora oficial do Brasil elapsed time: 72.379085 seconds (0d 0h 1m 12s)

---------------  T H R E A D  ---------------

Current thread (0x000001f364ec0000):  JavaThread "C2 CompilerThread0" daemon [_thread_in_native, id=6860, stack(0x0000003db3a00000,0x0000003db3b00000)]


Current CompileTask:
C2:  72379 7128       4       org.eclipse.jdt.internal.compiler.lookup.BinaryTypeBinding::createMethod (1687 bytes)

Stack: [0x0000003db3a00000,0x0000003db3b00000]
Native frames: (J=compiled Java code, j=interpreted, Vv=VM code, C=native code)
V  [jvm.dll+0x601d0a]
V  [jvm.dll+0x78ab6e]
V  [jvm.dll+0x78c23f]
V  [jvm.dll+0x78c903]
V  [jvm.dll+0x24be68]
V  [jvm.dll+0xc219c]
V  [jvm.dll+0xc275c]
V  [jvm.dll+0x354812]
V  [jvm.dll+0x19db09]
V  [jvm.dll+0x205622]
V  [jvm.dll+0x2046fd]
V  [jvm.dll+0x1898fc]
V  [jvm.dll+0x213d67]
V  [jvm.dll+0x211f2b]
V  [jvm.dll+0x74ec19]
V  [jvm.dll+0x747c84]
V  [jvm.dll+0x600ba6]
C  [ucrtbase.dll+0x21bb2]
C  [KERNEL32.DLL+0x17034]
C  [ntdll.dll+0x52651]


---------------  P R O C E S S  ---------------

Threads class SMR info:
_java_thread_list=0x000001f373a41450, length=25, elements={
0x000001f34ae2a800, 0x000001f364eb0000, 0x000001f364eb1000, 0x000001f364f0d800,
0x000001f364f0e800, 0x000001f364ebd800, 0x000001f364ec0000, 0x000001f365a1a000,
0x000001f365a1b000, 0x000001f365b26800, 0x000001f366102000, 0x000001f36627c000,
0x000001f366242800, 0x000001f36629f800, 0x000001f365bcb000, 0x000001f3660e6000,
0x000001f36635f800, 0x000001f366ab7000, 0x000001f366bcd000, 0x000001f366bc9800,
0x000001f366bce000, 0x000001f366bca800, 0x000001f366bc9000, 0x000001f3665af800,
0x000001f3665aa800
}

Java Threads: ( => current thread )
  0x000001f34ae2a800 JavaThread "main" [_thread_blocked, id=11284, stack(0x0000003db3200000,0x0000003db3300000)]
  0x000001f364eb0000 JavaThread "Reference Handler" daemon [_thread_blocked, id=2484, stack(0x0000003db3500000,0x0000003db3600000)]
  0x000001f364eb1000 JavaThread "Finalizer" daemon [_thread_blocked, id=5756, stack(0x0000003db3600000,0x0000003db3700000)]
  0x000001f364f0d800 JavaThread "Signal Dispatcher" daemon [_thread_blocked, id=9532, stack(0x0000003db3700000,0x0000003db3800000)]
  0x000001f364f0e800 JavaThread "Attach Listener" daemon [_thread_blocked, id=10140, stack(0x0000003db3800000,0x0000003db3900000)]
  0x000001f364ebd800 JavaThread "Service Thread" daemon [_thread_blocked, id=11616, stack(0x0000003db3900000,0x0000003db3a00000)]
=>0x000001f364ec0000 JavaThread "C2 CompilerThread0" daemon [_thread_in_native, id=6860, stack(0x0000003db3a00000,0x0000003db3b00000)]
  0x000001f365a1a000 JavaThread "C1 CompilerThread0" daemon [_thread_blocked, id=5924, stack(0x0000003db3b00000,0x0000003db3c00000)]
  0x000001f365a1b000 JavaThread "Sweeper thread" daemon [_thread_blocked, id=10452, stack(0x0000003db3c00000,0x0000003db3d00000)]
  0x000001f365b26800 JavaThread "Common-Cleaner" daemon [_thread_blocked, id=7636, stack(0x0000003db3d00000,0x0000003db3e00000)]
  0x000001f366102000 JavaThread "Active Thread: Equinox Container: 65500a3d-67e7-471c-bf45-63566a9092dc" [_thread_blocked, id=11032, stack(0x0000003db3f00000,0x0000003db4000000)]
  0x000001f36627c000 JavaThread "Framework Event Dispatcher: Equinox Container: 65500a3d-67e7-471c-bf45-63566a9092dc" daemon [_thread_blocked, id=5944, stack(0x0000003db4000000,0x0000003db4100000)]
  0x000001f366242800 JavaThread "Start Level: Equinox Container: 65500a3d-67e7-471c-bf45-63566a9092dc" daemon [_thread_blocked, id=5608, stack(0x0000003db4100000,0x0000003db4200000)]
  0x000001f36629f800 JavaThread "SCR Component Actor" daemon [_thread_blocked, id=4872, stack(0x0000003db4300000,0x0000003db4400000)]
  0x000001f365bcb000 JavaThread "Worker-JM" [_thread_blocked, id=6368, stack(0x0000003db4500000,0x0000003db4600000)]
  0x000001f3660e6000 JavaThread "Worker-0" [_thread_blocked, id=5700, stack(0x0000003db4600000,0x0000003db4700000)]
  0x000001f36635f800 JavaThread "Worker-1" [_thread_blocked, id=2112, stack(0x0000003db4700000,0x0000003db4800000)]
  0x000001f366ab7000 JavaThread "Worker-2" [_thread_blocked, id=6112, stack(0x0000003db4800000,0x0000003db4900000)]
  0x000001f366bcd000 JavaThread "Java indexing" daemon [_thread_in_native, id=11476, stack(0x0000003db4900000,0x0000003db4a00000)]
  0x000001f366bc9800 JavaThread "Worker-3" [_thread_blocked, id=7028, stack(0x0000003db4400000,0x0000003db4500000)]
  0x000001f366bce000 JavaThread "Worker-4" [_thread_blocked, id=6980, stack(0x0000003db4a00000,0x0000003db4b00000)]
  0x000001f366bca800 JavaThread "Worker-5" [_thread_blocked, id=5520, stack(0x0000003db4b00000,0x0000003db4c00000)]
  0x000001f366bc9000 JavaThread "pool-2-thread-1" [_thread_in_native, id=6564, stack(0x0000003db4c00000,0x0000003db4d00000)]
  0x000001f3665af800 JavaThread "ForkJoinPool.commonPool-worker-3" daemon [_thread_blocked, id=1584, stack(0x0000003db4e00000,0x0000003db4f00000)]
  0x000001f3665aa800 JavaThread "Thread-30" [_thread_blocked, id=6216, stack(0x0000003db3000000,0x0000003db3100000)]

Other Threads:
  0x000001f364e9b000 VMThread "VM Thread" [stack: 0x0000003db3400000,0x0000003db3500000] [id=7236]
  0x000001f365c50800 WatcherThread [stack: 0x0000003db3e00000,0x0000003db3f00000] [id=10148]
  0x000001f34ae44000 GCTaskThread "ParGC Thread#0" [stack: 0x0000003db3300000,0x0000003db3400000] [id=11148]
  0x000001f366258800 GCTaskThread "ParGC Thread#1" [stack: 0x0000003db4200000,0x0000003db4300000] [id=10788]

Threads with active compile tasks:
C2 CompilerThread0  72445 7128       4       org.eclipse.jdt.internal.compiler.lookup.BinaryTypeBinding::createMethod (1687 bytes)

VM state:not at safepoint (normal execution)

VM Mutex/Monitor currently owned by a thread: None

Heap address: 0x00000000c0000000, size: 1024 MB, Compressed Oops mode: 32-bit
Narrow klass base: 0x0000000000000000, Narrow klass shift: 3
Compressed class space size: 1073741824 Address: 0x0000000100000000

Heap:
 PSYoungGen      total 121856K, used 27017K [0x00000000eab00000, 0x00000000f5a80000, 0x0000000100000000)
  eden space 64000K, 42% used [0x00000000eab00000,0x00000000ec562550,0x00000000ee980000)
  from space 57856K, 0% used [0x00000000f2200000,0x00000000f2200000,0x00000000f5a80000)
  to   space 57856K, 0% used [0x00000000ee980000,0x00000000ee980000,0x00000000f2200000)
 ParOldGen       total 475136K, used 338191K [0x00000000c0000000, 0x00000000dd000000, 0x00000000eab00000)
  object space 475136K, 71% used [0x00000000c0000000,0x00000000d4a43f60,0x00000000dd000000)
 Metaspace       used 57774K, capacity 60392K, committed 60692K, reserved 1103872K
  class space    used 5602K, capacity 6641K, committed 6744K, reserved 1048576K

Card table byte_map: [0x000001f34a7f0000,0x000001f34aa00000] _byte_map_base: 0x000001f34a1f0000

Marking Bits: (ParMarkBitMap*) 0x00007ffc4205bcf0
 Begin Bits: [0x000001f362550000, 0x000001f363550000)
 End Bits:   [0x000001f363550000, 0x000001f364550000)

Polling page: 0x000001f348ca0000

Metaspace:

Usage:
  Non-class:     52.49 MB capacity,    50.95 MB ( 97%) used,     1.42 MB (  3%) free+waste,   124.69 KB ( <1%) overhead. 
      Class:      6.49 MB capacity,     5.47 MB ( 84%) used,   981.50 KB ( 15%) free+waste,    57.19 KB ( <1%) overhead. 
       Both:     58.98 MB capacity,    56.42 MB ( 96%) used,     2.38 MB (  4%) free+waste,   181.88 KB ( <1%) overhead. 

Virtual space:
  Non-class space:       54.00 MB reserved,      52.68 MB ( 98%) committed 
      Class space:        1.00 GB reserved,       6.59 MB ( <1%) committed 
             Both:        1.05 GB reserved,      59.27 MB (  5%) committed 

Chunk freelists:
   Non-Class:  69.00 KB
       Class:  15.00 KB
        Both:  84.00 KB

MaxMetaspaceSize: 17179869184.00 GB
CompressedClassSpaceSize: 1.00 GB
Initial GC threshold: 20.80 MB
Current GC threshold: 98.79 MB
CDS: off

CodeHeap 'non-profiled nmethods': size=120064Kb used=4211Kb max_used=4211Kb free=115852Kb
 bounds [0x000001f35b010000, 0x000001f35b430000, 0x000001f362550000]
CodeHeap 'profiled nmethods': size=120000Kb used=18285Kb max_used=18285Kb free=101714Kb
 bounds [0x000001f353ae0000, 0x000001f354cc0000, 0x000001f35b010000]
CodeHeap 'non-nmethods': size=5696Kb used=1336Kb max_used=1417Kb free=4359Kb
 bounds [0x000001f353550000, 0x000001f3537c0000, 0x000001f353ae0000]
 total_blobs=7674 nmethods=7037 adapters=551
 compilation: enabled
              stopped_count=0, restarted_count=0
 full_count=0

Compilation events (20 events):
Event: 71.727 Thread 0x000001f365a1a000 7151       2       org.eclipse.jdt.internal.core.index.DiskIndex$IntList::asArray (23 bytes)
Event: 71.727 Thread 0x000001f365a1a000 nmethod 7151 0x000001f354cb0a90 code [0x000001f354cb0c40, 0x000001f354cb0e88]
Event: 71.732 Thread 0x000001f365a1a000 7152       2       org.eclipse.jdt.internal.core.util.Util::quickSort (101 bytes)
Event: 71.733 Thread 0x000001f365a1a000 nmethod 7152 0x000001f354cb0f90 code [0x000001f354cb1160, 0x000001f354cb14f8]
Event: 71.735 Thread 0x000001f365a1a000 7153 %     3       org.eclipse.jdt.internal.core.util.Util::quickSort @ 33 (101 bytes)
Event: 71.736 Thread 0x000001f365a1a000 nmethod 7153% 0x000001f354cb1710 code [0x000001f354cb1920, 0x000001f354cb1f38]
Event: 71.736 Thread 0x000001f365a1a000 7154       3       org.eclipse.jdt.internal.core.util.Util::quickSort (101 bytes)
Event: 71.737 Thread 0x000001f365a1a000 nmethod 7154 0x000001f354cb2210 code [0x000001f354cb2400, 0x000001f354cb2938]
Event: 71.827 Thread 0x000001f365a1a000 7155 %     3       org.eclipse.jdt.internal.core.index.DiskIndex::writeCategoryTable @ 22 (252 bytes)
Event: 71.831 Thread 0x000001f365a1a000 nmethod 7155% 0x000001f354cb2b90 code [0x000001f354cb2ec0, 0x000001f354cb45b8]
Event: 71.839 Thread 0x000001f365a1a000 7156       3       org.eclipse.jdt.internal.core.index.DiskIndex::writeCategoryTable (252 bytes)
Event: 71.842 Thread 0x000001f365a1a000 nmethod 7156 0x000001f354cb4d90 code [0x000001f354cb50a0, 0x000001f354cb6538]
Event: 71.853 Thread 0x000001f365a1a000 7158       2       org.eclipse.jdt.internal.core.index.DiskIndex::writeStreamInt (122 bytes)
Event: 71.853 Thread 0x000001f365a1a000 nmethod 7158 0x000001f354cb6c10 code [0x000001f354cb6de0, 0x000001f354cb7028]
Event: 71.854 Thread 0x000001f365a1a000 7159       2       org.eclipse.jdt.internal.core.index.DiskIndex::writeDocumentNumbers (384 bytes)
Event: 71.856 Thread 0x000001f365a1a000 nmethod 7159 0x000001f354cb7210 code [0x000001f354cb7460, 0x000001f354cb7de8]
Event: 71.875 Thread 0x000001f365a1a000 7160 %     3       org.eclipse.jdt.internal.core.index.DiskIndex::writeDocumentNumbers @ 293 (384 bytes)
Event: 71.878 Thread 0x000001f365a1a000 nmethod 7160% 0x000001f354cb8410 code [0x000001f354cb86c0, 0x000001f354cb9608]
Event: 71.879 Thread 0x000001f365a1a000 7161       3       org.eclipse.jdt.internal.core.index.DiskIndex::writeDocumentNumbers (384 bytes)
Event: 71.882 Thread 0x000001f365a1a000 nmethod 7161 0x000001f354cb9d90 code [0x000001f354cba040, 0x000001f354cbaee8]

GC Heap History (20 events):
Event: 59.573 GC heap before
{Heap before GC invocations=79 (full 7):
 PSYoungGen      total 42496K, used 42453K [0x00000000eab00000, 0x00000000ee180000, 0x0000000100000000)
  eden space 34304K, 100% used [0x00000000eab00000,0x00000000ecc80000,0x00000000ecc80000)
  from space 8192K, 99% used [0x00000000ecc80000,0x00000000ed475758,0x00000000ed480000)
  to   space 8704K, 0% used [0x00000000ed900000,0x00000000ed900000,0x00000000ee180000)
 ParOldGen       total 260608K, used 223341K [0x00000000c0000000, 0x00000000cfe80000, 0x00000000eab00000)
  object space 260608K, 85% used [0x00000000c0000000,0x00000000cda1b408,0x00000000cfe80000)
 Metaspace       used 57167K, capacity 59698K, committed 59924K, reserved 1101824K
  class space    used 5552K, capacity 6604K, committed 6744K, reserved 1048576K
}
Event: 59.639 GC heap after
{Heap after GC invocations=79 (full 7):
 PSYoungGen      total 46080K, used 8132K [0x00000000eab00000, 0x00000000ee100000, 0x0000000100000000)
  eden space 37888K, 0% used [0x00000000eab00000,0x00000000eab00000,0x00000000ed000000)
  from space 8192K, 99% used [0x00000000ed900000,0x00000000ee0f1048,0x00000000ee100000)
  to   space 8192K, 0% used [0x00000000ed100000,0x00000000ed100000,0x00000000ed900000)
 ParOldGen       total 260608K, used 231497K [0x00000000c0000000, 0x00000000cfe80000, 0x00000000eab00000)
  object space 260608K, 88% used [0x00000000c0000000,0x00000000ce2124a0,0x00000000cfe80000)
 Metaspace       used 57167K, capacity 59698K, committed 59924K, reserved 1101824K
  class space    used 5552K, capacity 6604K, committed 6744K, reserved 1048576K
}
Event: 60.114 GC heap before
{Heap before GC invocations=80 (full 7):
 PSYoungGen      total 46080K, used 46020K [0x00000000eab00000, 0x00000000ee100000, 0x0000000100000000)
  eden space 37888K, 100% used [0x00000000eab00000,0x00000000ed000000,0x00000000ed000000)
  from space 8192K, 99% used [0x00000000ed900000,0x00000000ee0f1048,0x00000000ee100000)
  to   space 8192K, 0% used [0x00000000ed100000,0x00000000ed100000,0x00000000ed900000)
 ParOldGen       total 260608K, used 231497K [0x00000000c0000000, 0x00000000cfe80000, 0x00000000eab00000)
  object space 260608K, 88% used [0x00000000c0000000,0x00000000ce2124a0,0x00000000cfe80000)
 Metaspace       used 57167K, capacity 59698K, committed 59924K, reserved 1101824K
  class space    used 5552K, capacity 6604K, committed 6744K, reserved 1048576K
}
Event: 60.153 GC heap after
{Heap after GC invocations=80 (full 7):
 PSYoungGen      total 47104K, used 8175K [0x00000000eab00000, 0x00000000ef780000, 0x0000000100000000)
  eden space 38912K, 0% used [0x00000000eab00000,0x00000000eab00000,0x00000000ed100000)
  from space 8192K, 99% used [0x00000000ed100000,0x00000000ed8fbe28,0x00000000ed900000)
  to   space 18432K, 0% used [0x00000000ee580000,0x00000000ee580000,0x00000000ef780000)
 ParOldGen       total 260608K, used 239860K [0x00000000c0000000, 0x00000000cfe80000, 0x00000000eab00000)
  object space 260608K, 92% used [0x00000000c0000000,0x00000000cea3d008,0x00000000cfe80000)
 Metaspace       used 57167K, capacity 59698K, committed 59924K, reserved 1101824K
  class space    used 5552K, capacity 6604K, committed 6744K, reserved 1048576K
}
Event: 60.874 GC heap before
{Heap before GC invocations=81 (full 7):
 PSYoungGen      total 47104K, used 47087K [0x00000000eab00000, 0x00000000ef780000, 0x0000000100000000)
  eden space 38912K, 100% used [0x00000000eab00000,0x00000000ed100000,0x00000000ed100000)
  from space 8192K, 99% used [0x00000000ed100000,0x00000000ed8fbe28,0x00000000ed900000)
  to   space 18432K, 0% used [0x00000000ee580000,0x00000000ee580000,0x00000000ef780000)
 ParOldGen       total 260608K, used 239860K [0x00000000c0000000, 0x00000000cfe80000, 0x00000000eab00000)
  object space 260608K, 92% used [0x00000000c0000000,0x00000000cea3d008,0x00000000cfe80000)
 Metaspace       used 57175K, capacity 59699K, committed 59924K, reserved 1101824K
  class space    used 5552K, capacity 6604K, committed 6744K, reserved 1048576K
}
Event: 60.981 GC heap after
{Heap after GC invocations=81 (full 7):
 PSYoungGen      total 52224K, used 8725K [0x00000000eab00000, 0x00000000eee80000, 0x0000000100000000)
  eden space 43008K, 0% used [0x00000000eab00000,0x00000000eab00000,0x00000000ed500000)
  from space 9216K, 94% used [0x00000000ee580000,0x00000000eee056e8,0x00000000eee80000)
  to   space 11776K, 0% used [0x00000000ed780000,0x00000000ed780000,0x00000000ee300000)
 ParOldGen       total 260608K, used 248079K [0x00000000c0000000, 0x00000000cfe80000, 0x00000000eab00000)
  object space 260608K, 95% used [0x00000000c0000000,0x00000000cf243f90,0x00000000cfe80000)
 Metaspace       used 57175K, capacity 59699K, committed 59924K, reserved 1101824K
  class space    used 5552K, capacity 6604K, committed 6744K, reserved 1048576K
}
Event: 61.733 GC heap before
{Heap before GC invocations=82 (full 7):
 PSYoungGen      total 52224K, used 51733K [0x00000000eab00000, 0x00000000eee80000, 0x0000000100000000)
  eden space 43008K, 100% used [0x00000000eab00000,0x00000000ed500000,0x00000000ed500000)
  from space 9216K, 94% used [0x00000000ee580000,0x00000000eee056e8,0x00000000eee80000)
  to   space 11776K, 0% used [0x00000000ed780000,0x00000000ed780000,0x00000000ee300000)
 ParOldGen       total 260608K, used 248079K [0x00000000c0000000, 0x00000000cfe80000, 0x00000000eab00000)
  object space 260608K, 95% used [0x00000000c0000000,0x00000000cf243f90,0x00000000cfe80000)
 Metaspace       used 57176K, capacity 59699K, committed 59924K, reserved 1101824K
  class space    used 5552K, capacity 6604K, committed 6744K, reserved 1048576K
}
Event: 61.782 GC heap after
{Heap after GC invocations=82 (full 7):
 PSYoungGen      total 57344K, used 11773K [0x00000000eab00000, 0x00000000f0100000, 0x0000000100000000)
  eden space 45568K, 0% used [0x00000000eab00000,0x00000000eab00000,0x00000000ed780000)
  from space 11776K, 99% used [0x00000000ed780000,0x00000000ee2ff720,0x00000000ee300000)
  to   space 20480K, 0% used [0x00000000eed00000,0x00000000eed00000,0x00000000f0100000)
 ParOldGen       total 260608K, used 254651K [0x00000000c0000000, 0x00000000cfe80000, 0x00000000eab00000)
  object space 260608K, 97% used [0x00000000c0000000,0x00000000cf8aeee8,0x00000000cfe80000)
 Metaspace       used 57176K, capacity 59699K, committed 59924K, reserved 1101824K
  class space    used 5552K, capacity 6604K, committed 6744K, reserved 1048576K
}
Event: 61.782 GC heap before
{Heap before GC invocations=83 (full 8):
 PSYoungGen      total 57344K, used 11773K [0x00000000eab00000, 0x00000000f0100000, 0x0000000100000000)
  eden space 45568K, 0% used [0x00000000eab00000,0x00000000eab00000,0x00000000ed780000)
  from space 11776K, 99% used [0x00000000ed780000,0x00000000ee2ff720,0x00000000ee300000)
  to   space 20480K, 0% used [0x00000000eed00000,0x00000000eed00000,0x00000000f0100000)
 ParOldGen       total 260608K, used 254651K [0x00000000c0000000, 0x00000000cfe80000, 0x00000000eab00000)
  object space 260608K, 97% used [0x00000000c0000000,0x00000000cf8aeee8,0x00000000cfe80000)
 Metaspace       used 57176K, capacity 59699K, committed 59924K, reserved 1101824K
  class space    used 5552K, capacity 6604K, committed 6744K, reserved 1048576K
}
Event: 63.232 GC heap after
{Heap after GC invocations=83 (full 8):
 PSYoungGen      total 57344K, used 3001K [0x00000000eab00000, 0x00000000f0380000, 0x0000000100000000)
  eden space 45568K, 0% used [0x00000000eab00000,0x00000000eab00000,0x00000000ed780000)
  from space 11776K, 25% used [0x00000000ed780000,0x00000000eda6e7c0,0x00000000ee300000)
  to   space 20480K, 0% used [0x00000000eef80000,0x00000000eef80000,0x00000000f0380000)
 ParOldGen       total 349696K, used 260275K [0x00000000c0000000, 0x00000000d5580000, 0x00000000eab00000)
  object space 349696K, 74% used [0x00000000c0000000,0x00000000cfe2cc48,0x00000000d5580000)
 Metaspace       used 57176K, capacity 59699K, committed 59924K, reserved 1101824K
  class space    used 5552K, capacity 6604K, committed 6744K, reserved 1048576K
}
Event: 64.258 GC heap before
{Heap before GC invocations=84 (full 8):
 PSYoungGen      total 57344K, used 48569K [0x00000000eab00000, 0x00000000f0380000, 0x0000000100000000)
  eden space 45568K, 100% used [0x00000000eab00000,0x00000000ed780000,0x00000000ed780000)
  from space 11776K, 25% used [0x00000000ed780000,0x00000000eda6e7c0,0x00000000ee300000)
  to   space 20480K, 0% used [0x00000000eef80000,0x00000000eef80000,0x00000000f0380000)
 ParOldGen       total 349696K, used 260275K [0x00000000c0000000, 0x00000000d5580000, 0x00000000eab00000)
  object space 349696K, 74% used [0x00000000c0000000,0x00000000cfe2cc48,0x00000000d5580000)
 Metaspace       used 57531K, capacity 60152K, committed 60436K, reserved 1103872K
  class space    used 5582K, capacity 6606K, committed 6744K, reserved 1048576K
}
Event: 64.350 GC heap after
{Heap after GC invocations=84 (full 8):
 PSYoungGen      total 59392K, used 9788K [0x00000000eab00000, 0x00000000ef980000, 0x0000000100000000)
  eden space 49152K, 0% used [0x00000000eab00000,0x00000000eab00000,0x00000000edb00000)
  from space 10240K, 95% used [0x00000000eef80000,0x00000000ef90f230,0x00000000ef980000)
  to   space 13312K, 0% used [0x00000000edf80000,0x00000000edf80000,0x00000000eec80000)
 ParOldGen       total 349696K, used 263307K [0x00000000c0000000, 0x00000000d5580000, 0x00000000eab00000)
  object space 349696K, 75% used [0x00000000c0000000,0x00000000d0122d90,0x00000000d5580000)
 Metaspace       used 57531K, capacity 60152K, committed 60436K, reserved 1103872K
  class space    used 5582K, capacity 6606K, committed 6744K, reserved 1048576K
}
Event: 64.810 GC heap before
{Heap before GC invocations=85 (full 8):
 PSYoungGen      total 59392K, used 58940K [0x00000000eab00000, 0x00000000ef980000, 0x0000000100000000)
  eden space 49152K, 100% used [0x00000000eab00000,0x00000000edb00000,0x00000000edb00000)
  from space 10240K, 95% used [0x00000000eef80000,0x00000000ef90f230,0x00000000ef980000)
  to   space 13312K, 0% used [0x00000000edf80000,0x00000000edf80000,0x00000000eec80000)
 ParOldGen       total 349696K, used 263307K [0x00000000c0000000, 0x00000000d5580000, 0x00000000eab00000)
  object space 349696K, 75% used [0x00000000c0000000,0x00000000d0122d90,0x00000000d5580000)
 Metaspace       used 57531K, capacity 60152K, committed 60436K, reserved 1103872K
  class space    used 5582K, capacity 6606K, committed 6744K, reserved 1048576K
}
Event: 64.966 GC heap after
{Heap after GC invocations=85 (full 8):
 PSYoungGen      total 67072K, used 13305K [0x00000000eab00000, 0x00000000f1480000, 0x0000000100000000)
  eden space 53760K, 0% used [0x00000000eab00000,0x00000000eab00000,0x00000000edf80000)
  from space 13312K, 99% used [0x00000000edf80000,0x00000000eec7e4e8,0x00000000eec80000)
  to   space 27136K, 0% used [0x00000000efa00000,0x00000000efa00000,0x00000000f1480000)
 ParOldGen       total 349696K, used 274354K [0x00000000c0000000, 0x00000000d5580000, 0x00000000eab00000)
  object space 349696K, 78% used [0x00000000c0000000,0x00000000d0beca50,0x00000000d5580000)
 Metaspace       used 57531K, capacity 60152K, committed 60436K, reserved 1103872K
  class space    used 5582K, capacity 6606K, committed 6744K, reserved 1048576K
}
Event: 65.915 GC heap before
{Heap before GC invocations=86 (full 8):
 PSYoungGen      total 67072K, used 67065K [0x00000000eab00000, 0x00000000f1480000, 0x0000000100000000)
  eden space 53760K, 100% used [0x00000000eab00000,0x00000000edf80000,0x00000000edf80000)
  from space 13312K, 99% used [0x00000000edf80000,0x00000000eec7e4e8,0x00000000eec80000)
  to   space 27136K, 0% used [0x00000000efa00000,0x00000000efa00000,0x00000000f1480000)
 ParOldGen       total 349696K, used 274354K [0x00000000c0000000, 0x00000000d5580000, 0x00000000eab00000)
  object space 349696K, 78% used [0x00000000c0000000,0x00000000d0beca50,0x00000000d5580000)
 Metaspace       used 57610K, capacity 60216K, committed 60436K, reserved 1103872K
  class space    used 5582K, capacity 6606K, committed 6744K, reserved 1048576K
}
Event: 66.082 GC heap after
{Heap after GC invocations=86 (full 8):
 PSYoungGen      total 77824K, used 18056K [0x00000000eab00000, 0x00000000f0c80000, 0x0000000100000000)
  eden space 58880K, 0% used [0x00000000eab00000,0x00000000eab00000,0x00000000ee480000)
  from space 18944K, 95% used [0x00000000efa00000,0x00000000f0ba2230,0x00000000f0c80000)
  to   space 20480K, 0% used [0x00000000ee480000,0x00000000ee480000,0x00000000ef880000)
 ParOldGen       total 349696K, used 287612K [0x00000000c0000000, 0x00000000d5580000, 0x00000000eab00000)
  object space 349696K, 82% used [0x00000000c0000000,0x00000000d18df188,0x00000000d5580000)
 Metaspace       used 57610K, capacity 60216K, committed 60436K, reserved 1103872K
  class space    used 5582K, capacity 6606K, committed 6744K, reserved 1048576K
}
Event: 68.844 GC heap before
{Heap before GC invocations=87 (full 8):
 PSYoungGen      total 77824K, used 76936K [0x00000000eab00000, 0x00000000f0c80000, 0x0000000100000000)
  eden space 58880K, 100% used [0x00000000eab00000,0x00000000ee480000,0x00000000ee480000)
  from space 18944K, 95% used [0x00000000efa00000,0x00000000f0ba2230,0x00000000f0c80000)
  to   space 20480K, 0% used [0x00000000ee480000,0x00000000ee480000,0x00000000ef880000)
 ParOldGen       total 349696K, used 287612K [0x00000000c0000000, 0x00000000d5580000, 0x00000000eab00000)
  object space 349696K, 82% used [0x00000000c0000000,0x00000000d18df188,0x00000000d5580000)
 Metaspace       used 57656K, capacity 60290K, committed 60692K, reserved 1103872K
  class space    used 5585K, capacity 6608K, committed 6744K, reserved 1048576K
}
Event: 68.999 GC heap after
{Heap after GC invocations=87 (full 8):
 PSYoungGen      total 79360K, used 20474K [0x00000000eab00000, 0x00000000f5a80000, 0x0000000100000000)
  eden space 58880K, 0% used [0x00000000eab00000,0x00000000eab00000,0x00000000ee480000)
  from space 20480K, 99% used [0x00000000ee480000,0x00000000ef87e838,0x00000000ef880000)
  to   space 57856K, 0% used [0x00000000f2200000,0x00000000f2200000,0x00000000f5a80000)
 ParOldGen       total 349696K, used 319032K [0x00000000c0000000, 0x00000000d5580000, 0x00000000eab00000)
  object space 349696K, 91% used [0x00000000c0000000,0x00000000d378e1c8,0x00000000d5580000)
 Metaspace       used 57656K, capacity 60290K, committed 60692K, reserved 1103872K
  class space    used 5585K, capacity 6608K, committed 6744K, reserved 1048576K
}
Event: 68.999 GC heap before
{Heap before GC invocations=88 (full 9):
 PSYoungGen      total 79360K, used 20474K [0x00000000eab00000, 0x00000000f5a80000, 0x0000000100000000)
  eden space 58880K, 0% used [0x00000000eab00000,0x00000000eab00000,0x00000000ee480000)
  from space 20480K, 99% used [0x00000000ee480000,0x00000000ef87e838,0x00000000ef880000)
  to   space 57856K, 0% used [0x00000000f2200000,0x00000000f2200000,0x00000000f5a80000)
 ParOldGen       total 349696K, used 319032K [0x00000000c0000000, 0x00000000d5580000, 0x00000000eab00000)
  object space 349696K, 91% used [0x00000000c0000000,0x00000000d378e1c8,0x00000000d5580000)
 Metaspace       used 57656K, capacity 60290K, committed 60692K, reserved 1103872K
  class space    used 5585K, capacity 6608K, committed 6744K, reserved 1048576K
}
Event: 70.220 GC heap after
{Heap after GC invocations=88 (full 9):
 PSYoungGen      total 121856K, used 0K [0x00000000eab00000, 0x00000000f5a80000, 0x0000000100000000)
  eden space 64000K, 0% used [0x00000000eab00000,0x00000000eab00000,0x00000000ee980000)
  from space 57856K, 0% used [0x00000000f2200000,0x00000000f2200000,0x00000000f5a80000)
  to   space 57856K, 0% used [0x00000000ee980000,0x00000000ee980000,0x00000000f2200000)
 ParOldGen       total 475136K, used 338191K [0x00000000c0000000, 0x00000000dd000000, 0x00000000eab00000)
  object space 475136K, 71% used [0x00000000c0000000,0x00000000d4a43f60,0x00000000dd000000)
 Metaspace       used 57656K, capacity 60290K, committed 60692K, reserved 1103872K
  class space    used 5585K, capacity 6608K, committed 6744K, reserved 1048576K
}

Deoptimization events (20 events):
Event: 70.426 Thread 0x000001f3665ae000 Uncommon trap: trap_request=0xffffffbe fr.pc=0x000001f35b41e678 relative=0x0000000000000398
Event: 70.426 Thread 0x000001f3665ae000 Uncommon trap: reason=profile_predicate action=maybe_recompile pc=0x000001f35b41e678 method=org.eclipse.jdt.internal.compiler.util.SimpleLookupTable.get(Ljava/lang/Object;)Ljava/lang/Object; @ 54 c2
Event: 70.426 Thread 0x000001f3665ae000 DEOPT PACKING pc=0x000001f35b41e678 sp=0x0000003db30fda80
Event: 70.426 Thread 0x000001f3665ae000 DEOPT UNPACKING pc=0x000001f35359a1aa sp=0x0000003db30fda18 mode 2
Event: 70.426 Thread 0x000001f3665ae000 Uncommon trap: trap_request=0xffffffbe fr.pc=0x000001f35b41e678 relative=0x0000000000000398
Event: 70.426 Thread 0x000001f3665ae000 Uncommon trap: reason=profile_predicate action=maybe_recompile pc=0x000001f35b41e678 method=org.eclipse.jdt.internal.compiler.util.SimpleLookupTable.get(Ljava/lang/Object;)Ljava/lang/Object; @ 54 c2
Event: 70.426 Thread 0x000001f3665ae000 DEOPT PACKING pc=0x000001f35b41e678 sp=0x0000003db30fda80
Event: 70.426 Thread 0x000001f3665ae000 DEOPT UNPACKING pc=0x000001f35359a1aa sp=0x0000003db30fda18 mode 2
Event: 70.426 Thread 0x000001f3665ae000 Uncommon trap: trap_request=0xffffffbe fr.pc=0x000001f35b41e678 relative=0x0000000000000398
Event: 70.426 Thread 0x000001f3665ae000 Uncommon trap: reason=profile_predicate action=maybe_recompile pc=0x000001f35b41e678 method=org.eclipse.jdt.internal.compiler.util.SimpleLookupTable.get(Ljava/lang/Object;)Ljava/lang/Object; @ 54 c2
Event: 70.426 Thread 0x000001f3665ae000 DEOPT PACKING pc=0x000001f35b41e678 sp=0x0000003db30fdc20
Event: 70.426 Thread 0x000001f3665ae000 DEOPT UNPACKING pc=0x000001f35359a1aa sp=0x0000003db30fdbb8 mode 2
Event: 70.426 Thread 0x000001f3665ae000 Uncommon trap: trap_request=0xffffffbe fr.pc=0x000001f35b41e678 relative=0x0000000000000398
Event: 70.426 Thread 0x000001f3665ae000 Uncommon trap: reason=profile_predicate action=maybe_recompile pc=0x000001f35b41e678 method=org.eclipse.jdt.internal.compiler.util.SimpleLookupTable.get(Ljava/lang/Object;)Ljava/lang/Object; @ 54 c2
Event: 70.426 Thread 0x000001f3665ae000 DEOPT PACKING pc=0x000001f35b41e678 sp=0x0000003db30fda80
Event: 70.426 Thread 0x000001f3665ae000 DEOPT UNPACKING pc=0x000001f35359a1aa sp=0x0000003db30fda18 mode 2
Event: 71.737 Thread 0x000001f366bcd000 DEOPT PACKING pc=0x000001f354cb1433 sp=0x0000003db49fe6f0
Event: 71.737 Thread 0x000001f366bcd000 DEOPT UNPACKING pc=0x000001f35359a940 sp=0x0000003db49fdb60 mode 0
Event: 71.882 Thread 0x000001f366bcd000 DEOPT PACKING pc=0x000001f354cb7c5d sp=0x0000003db49fe9a0
Event: 71.882 Thread 0x000001f366bcd000 DEOPT UNPACKING pc=0x000001f35359a940 sp=0x0000003db49fde80 mode 0

Classes redefined (0 events):
No events

Internal exceptions (20 events):
Event: 38.088 Thread 0x000001f3665a8000 Exception <a 'java/lang/ArrayIndexOutOfBoundsException'{0x00000000eac98928}> (0x00000000eac98928) thrown at [./src/hotspot/share/runtime/sharedRuntime.cpp, line 606]
Event: 38.193 Thread 0x000001f366bc9800 Exception <a 'java/lang/ArrayIndexOutOfBoundsException'{0x00000000ead84410}> (0x00000000ead84410) thrown at [./src/hotspot/share/runtime/sharedRuntime.cpp, line 606]
Event: 38.358 Thread 0x000001f366bc9800 Exception <a 'java/lang/ArrayIndexOutOfBoundsException'{0x00000000eae91fc0}> (0x00000000eae91fc0) thrown at [./src/hotspot/share/runtime/sharedRuntime.cpp, line 606]
Event: 38.393 Thread 0x000001f366bc9800 Exception <a 'java/lang/ArrayIndexOutOfBoundsException'{0x00000000eaeda390}> (0x00000000eaeda390) thrown at [./src/hotspot/share/runtime/sharedRuntime.cpp, line 606]
Event: 38.674 Thread 0x000001f3665a8000 Exception <a 'java/lang/ArrayIndexOutOfBoundsException'{0x00000000eb0d5f60}> (0x00000000eb0d5f60) thrown at [./src/hotspot/share/runtime/sharedRuntime.cpp, line 606]
Event: 38.698 Thread 0x000001f3665a8000 Exception <a 'java/lang/ArrayIndexOutOfBoundsException'{0x00000000eb111790}> (0x00000000eb111790) thrown at [./src/hotspot/share/runtime/sharedRuntime.cpp, line 606]
Event: 38.867 Thread 0x000001f3665a8000 Exception <a 'java/lang/NoSuchMethodError'{0x00000000eb330468}: 'int java.lang.invoke.DirectMethodHandle$Holder.invokeSpecialIFC(java.lang.Object, java.lang.Object, java.lang.Object, java.lang.Object)'> (0x00000000eb330468) thrown at [./src/hotspot/share/interpreter/linkResolver.cpp, line 773]
Event: 43.705 Thread 0x000001f3665ac800 Exception <a 'java/lang/ArrayIndexOutOfBoundsException'{0x00000000eaf4a288}> (0x00000000eaf4a288) thrown at [./src/hotspot/share/runtime/sharedRuntime.cpp, line 606]
Event: 43.725 Thread 0x000001f3665ad000 Exception <a 'java/lang/ArrayIndexOutOfBoundsException'{0x00000000eaf93560}> (0x00000000eaf93560) thrown at [./src/hotspot/share/runtime/sharedRuntime.cpp, line 606]
Event: 49.046 Thread 0x000001f366bcd000 Implicit null exception at 0x000001f35b35a445 to 0x000001f35b3638b0
Event: 60.532 Thread 0x000001f3665aa000 Exception <a 'java/lang/ArrayIndexOutOfBoundsException'{0x00000000ebe2c020}> (0x00000000ebe2c020) thrown at [./src/hotspot/share/runtime/sharedRuntime.cpp, line 606]
Event: 63.610 Thread 0x000001f3665a8000 Exception <a 'java/lang/ArrayIndexOutOfBoundsException'{0x00000000ebb3f0a8}> (0x00000000ebb3f0a8) thrown at [./src/hotspot/share/runtime/sharedRuntime.cpp, line 606]
Event: 63.808 Thread 0x000001f3665ac800 Exception <a 'java/lang/ArrayIndexOutOfBoundsException'{0x00000000ec09c880}> (0x00000000ec09c880) thrown at [./src/hotspot/share/runtime/sharedRuntime.cpp, line 606]
Event: 65.400 Thread 0x000001f3665ad000 Exception <a 'java/lang/ArrayIndexOutOfBoundsException'{0x00000000ecd8f3f8}> (0x00000000ecd8f3f8) thrown at [./src/hotspot/share/runtime/sharedRuntime.cpp, line 606]
Event: 65.615 Thread 0x000001f3665ad000 Exception <a 'java/lang/ArrayIndexOutOfBoundsException'{0x00000000ed030818}> (0x00000000ed030818) thrown at [./src/hotspot/share/runtime/sharedRuntime.cpp, line 606]
Event: 65.624 Thread 0x000001f3665ad000 Exception <a 'java/lang/ArrayIndexOutOfBoundsException'{0x00000000ed055a60}> (0x00000000ed055a60) thrown at [./src/hotspot/share/runtime/sharedRuntime.cpp, line 606]
Event: 66.294 Thread 0x000001f3665ab800 Exception <a 'java/lang/ArrayIndexOutOfBoundsException'{0x00000000eac8c8b0}> (0x00000000eac8c8b0) thrown at [./src/hotspot/share/runtime/sharedRuntime.cpp, line 606]
Event: 66.393 Thread 0x000001f3665aa000 Exception <a 'java/lang/ArrayIndexOutOfBoundsException'{0x00000000eae4f228}> (0x00000000eae4f228) thrown at [./src/hotspot/share/runtime/sharedRuntime.cpp, line 606]
Event: 70.402 Thread 0x000001f3665ae000 Exception <a 'java/lang/ArrayIndexOutOfBoundsException'{0x00000000eaec7bb0}> (0x00000000eaec7bb0) thrown at [./src/hotspot/share/runtime/sharedRuntime.cpp, line 606]
Event: 70.900 Thread 0x000001f3665aa800 Exception <a 'java/lang/ArrayIndexOutOfBoundsException'{0x00000000eb33fd20}> (0x00000000eb33fd20) thrown at [./src/hotspot/share/runtime/sharedRuntime.cpp, line 606]

Events (20 events):
Event: 66.380 Thread 0x000001f3665aa000 Thread added: 0x000001f3665aa000
Event: 66.380 Executing VM operation: RevokeBias
Event: 66.383 Executing VM operation: RevokeBias done
Event: 66.383 Thread 0x000001f3665ab800 Thread exited: 0x000001f3665ab800
Event: 66.486 Executing VM operation: RevokeBias
Event: 66.486 Executing VM operation: RevokeBias done
Event: 66.486 Thread 0x000001f3665aa000 Thread exited: 0x000001f3665aa000
Event: 68.844 Executing VM operation: ParallelGCFailedAllocation
Event: 70.220 Executing VM operation: ParallelGCFailedAllocation done
Event: 70.381 Thread 0x000001f3665ae000 Thread added: 0x000001f3665ae000
Event: 70.536 Executing VM operation: Deoptimize
Event: 70.540 Executing VM operation: Deoptimize done
Event: 70.541 Executing VM operation: Deoptimize
Event: 70.544 Executing VM operation: Deoptimize done
Event: 70.546 Executing VM operation: Deoptimize
Event: 70.548 Executing VM operation: Deoptimize done
Event: 70.548 Executing VM operation: RevokeBias
Event: 70.549 Executing VM operation: RevokeBias done
Event: 70.550 Thread 0x000001f3665ae000 Thread exited: 0x000001f3665ae000
Event: 70.833 Thread 0x000001f3665aa800 Thread added: 0x000001f3665aa800


Dynamic libraries:
0x00007ff62b330000 - 0x00007ff62b33d000 	C:\Program Files\Eclipse Foundation\jdk-11.0.12.7-hotspot\bin\java.exe
0x00007ffc904d0000 - 0x00007ffc906c5000 	C:\WINDOWS\SYSTEM32\ntdll.dll
0x00007ffc8f710000 - 0x00007ffc8f7ce000 	C:\WINDOWS\System32\KERNEL32.DLL
0x00007ffc8de10000 - 0x00007ffc8e0d9000 	C:\WINDOWS\System32\KERNELBASE.dll
0x00007ffc8e280000 - 0x00007ffc8e380000 	C:\WINDOWS\System32\ucrtbase.dll
0x00007ffc88980000 - 0x00007ffc88997000 	C:\Program Files\Eclipse Foundation\jdk-11.0.12.7-hotspot\bin\jli.dll
0x00007ffc88910000 - 0x00007ffc88925000 	C:\Program Files\Eclipse Foundation\jdk-11.0.12.7-hotspot\bin\VCRUNTIME140.dll
0x00007ffc8e8c0000 - 0x00007ffc8ea61000 	C:\WINDOWS\System32\USER32.dll
0x00007ffc8e380000 - 0x00007ffc8e3a2000 	C:\WINDOWS\System32\win32u.dll
0x00007ffc7d520000 - 0x00007ffc7d7ba000 	C:\WINDOWS\WinSxS\amd64_microsoft.windows.common-controls_6595b64144ccf1df_6.0.19041.1110_none_60b5254171f9507e\COMCTL32.dll
0x00007ffc8f7d0000 - 0x00007ffc8f7fb000 	C:\WINDOWS\System32\GDI32.dll
0x00007ffc8ed70000 - 0x00007ffc8ee0e000 	C:\WINDOWS\System32\msvcrt.dll
0x00007ffc8e170000 - 0x00007ffc8e27b000 	C:\WINDOWS\System32\gdi32full.dll
0x00007ffc8dce0000 - 0x00007ffc8dd7d000 	C:\WINDOWS\System32\msvcp_win.dll
0x00007ffc8e7e0000 - 0x00007ffc8e810000 	C:\WINDOWS\System32\IMM32.DLL
0x00007ffc6c8f0000 - 0x00007ffc6c98b000 	C:\Program Files\Eclipse Foundation\jdk-11.0.12.7-hotspot\bin\msvcp140.dll
0x00007ffc415c0000 - 0x00007ffc42119000 	C:\Program Files\Eclipse Foundation\jdk-11.0.12.7-hotspot\bin\server\jvm.dll
0x00007ffc8e810000 - 0x00007ffc8e8bc000 	C:\WINDOWS\System32\ADVAPI32.dll
0x00007ffc8ef50000 - 0x00007ffc8efeb000 	C:\WINDOWS\System32\sechost.dll
0x00007ffc90360000 - 0x00007ffc9048a000 	C:\WINDOWS\System32\RPCRT4.dll
0x00007ffc8ef40000 - 0x00007ffc8ef48000 	C:\WINDOWS\System32\PSAPI.DLL
0x00007ffc7f340000 - 0x00007ffc7f367000 	C:\WINDOWS\SYSTEM32\WINMM.dll
0x00007ffc889e0000 - 0x00007ffc889e9000 	C:\WINDOWS\SYSTEM32\WSOCK32.dll
0x00007ffc8eaf0000 - 0x00007ffc8eb5b000 	C:\WINDOWS\System32\WS2_32.dll
0x00007ffc7c040000 - 0x00007ffc7c04a000 	C:\WINDOWS\SYSTEM32\VERSION.dll
0x00007ffc8c7d0000 - 0x00007ffc8c7e2000 	C:\WINDOWS\SYSTEM32\kernel.appcore.dll
0x00007ffc889c0000 - 0x00007ffc889d0000 	C:\Program Files\Eclipse Foundation\jdk-11.0.12.7-hotspot\bin\verify.dll
0x00007ffc89300000 - 0x00007ffc894e4000 	C:\WINDOWS\SYSTEM32\DBGHELP.DLL
0x00007ffc892b0000 - 0x00007ffc892dc000 	C:\WINDOWS\SYSTEM32\dbgcore.DLL
0x00007ffc8e0e0000 - 0x00007ffc8e163000 	C:\WINDOWS\System32\bcryptPrimitives.dll
0x00007ffc85240000 - 0x00007ffc85268000 	C:\Program Files\Eclipse Foundation\jdk-11.0.12.7-hotspot\bin\java.dll
0x00007ffc88830000 - 0x00007ffc8883a000 	C:\Program Files\Eclipse Foundation\jdk-11.0.12.7-hotspot\bin\jimage.dll
0x00007ffc85d10000 - 0x00007ffc85d27000 	C:\Program Files\Eclipse Foundation\jdk-11.0.12.7-hotspot\bin\zip.dll
0x00007ffc8fc10000 - 0x00007ffc9034f000 	C:\WINDOWS\System32\SHELL32.dll
0x00007ffc8bcf0000 - 0x00007ffc8c480000 	C:\WINDOWS\SYSTEM32\windows.storage.dll
0x00007ffc8f8b0000 - 0x00007ffc8fc05000 	C:\WINDOWS\System32\combase.dll
0x00007ffc8d660000 - 0x00007ffc8d68c000 	C:\WINDOWS\SYSTEM32\Wldp.dll
0x00007ffc8e730000 - 0x00007ffc8e7dd000 	C:\WINDOWS\System32\SHCORE.dll
0x00007ffc8ed10000 - 0x00007ffc8ed65000 	C:\WINDOWS\System32\shlwapi.dll
0x00007ffc8dc20000 - 0x00007ffc8dc3f000 	C:\WINDOWS\SYSTEM32\profapi.dll
0x00007ffc850a0000 - 0x00007ffc850b9000 	C:\Program Files\Eclipse Foundation\jdk-11.0.12.7-hotspot\bin\net.dll
0x00007ffc7f440000 - 0x00007ffc7f548000 	C:\WINDOWS\SYSTEM32\WINHTTP.dll
0x00007ffc8d3c0000 - 0x00007ffc8d42a000 	C:\WINDOWS\system32\mswsock.dll
0x00007ffc84fd0000 - 0x00007ffc84fe2000 	C:\Program Files\Eclipse Foundation\jdk-11.0.12.7-hotspot\bin\nio.dll
0x00007ffc8d5b0000 - 0x00007ffc8d5c8000 	C:\WINDOWS\SYSTEM32\CRYPTSP.dll
0x00007ffc8cd40000 - 0x00007ffc8cd74000 	C:\WINDOWS\system32\rsaenh.dll
0x00007ffc8dde0000 - 0x00007ffc8de07000 	C:\WINDOWS\System32\bcrypt.dll
0x00007ffc8dba0000 - 0x00007ffc8dbce000 	C:\WINDOWS\SYSTEM32\USERENV.dll
0x00007ffc8d5d0000 - 0x00007ffc8d5dc000 	C:\WINDOWS\SYSTEM32\CRYPTBASE.dll
0x00007ffc8d0b0000 - 0x00007ffc8d0eb000 	C:\WINDOWS\SYSTEM32\IPHLPAPI.DLL
0x00007ffc8f140000 - 0x00007ffc8f148000 	C:\WINDOWS\System32\NSI.dll
0x00007ffc80bd0000 - 0x00007ffc80be7000 	C:\WINDOWS\SYSTEM32\dhcpcsvc6.DLL
0x00007ffc81b90000 - 0x00007ffc81bad000 	C:\WINDOWS\SYSTEM32\dhcpcsvc.DLL
0x00007ffc8d0f0000 - 0x00007ffc8d1bc000 	C:\WINDOWS\SYSTEM32\DNSAPI.dll
0x00007ffc84e90000 - 0x00007ffc84ece000 	C:\Users\HP\AppData\Roaming\Code\User\globalStorage\redhat.java\1.0.0\config_win\org.eclipse.equinox.launcher\org.eclipse.equinox.launcher.win32.win32.x86_64_1.2.400.v20210928-1041\eclipse_11600.dll
0x00007ffc8f010000 - 0x00007ffc8f13a000 	C:\WINDOWS\System32\ole32.dll
0x00007ffc84e70000 - 0x00007ffc84e81000 	C:\Users\HP\AppData\Roaming\Code\User\globalStorage\redhat.java\1.0.0\config_win\org.eclipse.osgi\22\0\.cp\jWinHttp-1.0.0.dll

dbghelp: loaded successfully - version: 4.0.5 - missing functions: none
symbol engine: initialized successfully - sym options: 0x614 - pdb path: .;C:\Program Files\Eclipse Foundation\jdk-11.0.12.7-hotspot\bin;C:\WINDOWS\SYSTEM32;C:\WINDOWS\WinSxS\amd64_microsoft.windows.common-controls_6595b64144ccf1df_6.0.19041.1110_none_60b5254171f9507e;C:\Program Files\Eclipse Foundation\jdk-11.0.12.7-hotspot\bin\server;C:\Users\HP\AppData\Roaming\Code\User\globalStorage\redhat.java\1.0.0\config_win\org.eclipse.equinox.launcher\org.eclipse.equinox.launcher.win32.win32.x86_64_1.2.400.v20210928-1041;C:\Users\HP\AppData\Roaming\Code\User\globalStorage\redhat.java\1.0.0\config_win\org.eclipse.osgi\22\0\.cp

VM Arguments:
jvm_args: --add-modules=ALL-SYSTEM --add-opens=java.base/java.util=ALL-UNNAMED --add-opens=java.base/java.lang=ALL-UNNAMED -Declipse.application=org.eclipse.jdt.ls.core.id1 -Dosgi.bundles.defaultStartLevel=4 -Declipse.product=org.eclipse.jdt.ls.core.product -Dfile.encoding=utf8 -DwatchParentProcess=false -XX:+UseParallelGC -XX:GCTimeRatio=4 -XX:AdaptiveSizePolicyWeight=90 -Dsun.zip.disableMemoryMapping=true -Xmx1G -Xms100m -Xverify:none 
java_command: c:\Users\HP\.vscode\extensions\redhat.java-1.0.0\server\plugins\org.eclipse.equinox.launcher_1.6.400.v20210924-0641.jar -configuration c:\Users\HP\AppData\Roaming\Code\User\globalStorage\redhat.java\1.0.0\config_win -data c:\Users\HP\AppData\Roaming\Code\User\workspaceStorage\6387b7759385e639c85cc7f12ee0be0f\redhat.java\jdt_ws
java_class_path (initial): c:\Users\HP\.vscode\extensions\redhat.java-1.0.0\server\plugins\org.eclipse.equinox.launcher_1.6.400.v20210924-0641.jar
Launcher Type: SUN_STANDARD

[Global flags]
    uintx AdaptiveSizePolicyWeight                 = 90                                        {product} {command line}
     bool BytecodeVerificationLocal                = false                                     {product} {command line}
     bool BytecodeVerificationRemote               = false                                     {product} {command line}
     intx CICompilerCount                          = 2                                         {product} {ergonomic}
    uintx GCTimeRatio                              = 4                                         {product} {command line}
   size_t InitialHeapSize                          = 104857600                                 {product} {command line}
   size_t MaxHeapSize                              = 1073741824                                {product} {command line}
   size_t MaxNewSize                               = 357564416                                 {product} {ergonomic}
   size_t MinHeapDeltaBytes                        = 524288                                    {product} {ergonomic}
   size_t NewSize                                  = 34603008                                  {product} {ergonomic}
    uintx NonNMethodCodeHeapSize                   = 5825164                                {pd product} {ergonomic}
    uintx NonProfiledCodeHeapSize                  = 122916538                              {pd product} {ergonomic}
   size_t OldSize                                  = 70254592                                  {product} {ergonomic}
    uintx ProfiledCodeHeapSize                     = 122916538                              {pd product} {ergonomic}
    uintx ReservedCodeCacheSize                    = 251658240                              {pd product} {ergonomic}
     bool SegmentedCodeCache                       = true                                      {product} {ergonomic}
     bool UseCompressedClassPointers               = true                                 {lp64_product} {ergonomic}
     bool UseCompressedOops                        = true                                 {lp64_product} {ergonomic}
     bool UseLargePagesIndividualAllocation        = false                                  {pd product} {ergonomic}
     bool UseParallelGC                            = true                                      {product} {command line}

Logging:
Log output configuration:
 #0: stdout all=warning uptime,level,tags
 #1: stderr all=off uptime,level,tags

Environment Variables:
PATH=C:\Program Files\Eclipse Foundation\jdk-11.0.12.7-hotspot\bin;C:\Program Files (x86)\Common Files\Oracle\Java\javapath;C:\WINDOWS\system32;C:\WINDOWS;C:\WINDOWS\System32\Wbem;C:\WINDOWS\System32\WindowsPowerShell\v1.0\;C:\WINDOWS\System32\OpenSSH\;C:\Users\HP\AppData\Local\Microsoft\WindowsApps;;C:\Users\HP\AppData\Local\Programs\Microsoft VS Code\bin
USERNAME=HP
OS=Windows_NT
PROCESSOR_IDENTIFIER=Intel64 Family 6 Model 55 Stepping 3, GenuineIntel



---------------  S Y S T E M  ---------------

OS: Windows 10 , 64 bit Build 19041 (10.0.19041.1202)
OS uptime: 0 days 1:38 hours

CPU:total 2 (initial active 2) (2 cores per cpu, 1 threads per core) family 6 model 55 stepping 3 microcode 0x326, cmov, cx8, fxsr, mmx, sse, sse2, sse3, ssse3, sse4.1, sse4.2, popcnt, clmul, erms, 3dnowpref, tsc, tscinvbit

Memory: 4k page, system-wide physical 3983M (314M free)
TotalPageFile size 3983M (AvailPageFile size 5M)
current process WorkingSet (physical memory assigned to process): 726M, peak: 731M
current process commit charge ("private bytes"): 835M, peak: 839M

vm_info: OpenJDK 64-Bit Server VM (11.0.12+7) for windows-amd64 JRE (11.0.12+7), built on Jul 21 2021 16:23:49 by "" with unknown MS VC++:1916

END.
