#
# There is insufficient memory for the Java Runtime Environment to continue.
# Native memory allocation (malloc) failed to allocate 106096 bytes for Chunk::new
# Possible reasons:
#   The system is out of physical RAM or swap space
#   The process is running with CompressedOops enabled, and the Java Heap may be blocking the growth of the native heap
# Possible solutions:
#   Reduce memory load on the system
#   Increase physical memory or swap space
#   Check if swap backing store is full
#   Decrease Java heap size (-Xmx/-Xms)
#   Decrease number of Java threads
#   Decrease Java thread stack sizes (-Xss)
#   Set larger code cache with -XX:ReservedCodeCacheSize=
#   JVM is running with Unscaled Compressed Oops mode in which the Java heap is
#     placed in the first 4GB address space. The Java Heap base address is the
#     maximum limit for the native heap growth. Please use -XX:HeapBaseMinAddress
#     to set the Java Heap base and to place the Java Heap above 4GB virtual address.
# This output file may be truncated or incomplete.
#
#  Out of Memory Error (./src/hotspot/share/memory/arena.cpp:197), pid=8384, tid=896
#
# JRE version: OpenJDK Runtime Environment Temurin-11.0.12+7 (11.0.12+7) (build 11.0.12+7)
# Java VM: OpenJDK 64-Bit Server VM Temurin-11.0.12+7 (11.0.12+7, mixed mode, tiered, compressed oops, parallel gc, windows-amd64)
# No core dump will be written. Minidumps are not enabled by default on client versions of Windows
#

---------------  S U M M A R Y ------------

Command Line: --add-modules=ALL-SYSTEM --add-opens=java.base/java.util=ALL-UNNAMED --add-opens=java.base/java.lang=ALL-UNNAMED -Declipse.application=org.eclipse.jdt.ls.core.id1 -Dosgi.bundles.defaultStartLevel=4 -Declipse.product=org.eclipse.jdt.ls.core.product -Dfile.encoding=utf8 -DwatchParentProcess=false -XX:+UseParallelGC -XX:GCTimeRatio=4 -XX:AdaptiveSizePolicyWeight=90 -Dsun.zip.disableMemoryMapping=true -Xmx1G -Xms100m -Xverify:none c:\Users\HP\.vscode\extensions\redhat.java-1.0.0\server\plugins\org.eclipse.equinox.launcher_1.6.400.v20210924-0641.jar -configuration c:\Users\HP\AppData\Roaming\Code\User\globalStorage\redhat.java\1.0.0\config_win -data c:\Users\HP\AppData\Roaming\Code\User\workspaceStorage\6387b7759385e639c85cc7f12ee0be0f\redhat.java\jdt_ws

Host: Intel(R) Celeron(R) CPU  N2820  @ 2.13GHz, 2 cores, 3G,  Windows 10 , 64 bit Build 19041 (10.0.19041.1348)
Time: Fri Nov 19 17:37:07 2021 Hora oficial do Brasil elapsed time: 4.732554 seconds (0d 0h 0m 4s)

---------------  T H R E A D  ---------------

Current thread (0x000001b92fa69800):  JavaThread "C2 CompilerThread0" daemon [_thread_in_native, id=896, stack(0x000000b491b00000,0x000000b491c00000)]


Current CompileTask:
C2:   4733  488       4       java.util.jar.Manifest$FastInputStream::readLine (296 bytes)

Stack: [0x000000b491b00000,0x000000b491c00000]
Native frames: (J=compiled Java code, j=interpreted, Vv=VM code, C=native code)
V  [jvm.dll+0x601d0a]
V  [jvm.dll+0x78ab6e]
V  [jvm.dll+0x78c23f]
V  [jvm.dll+0x78c903]
V  [jvm.dll+0x24be68]
V  [jvm.dll+0xc219c]
V  [jvm.dll+0xc275c]
V  [jvm.dll+0x354857]
V  [jvm.dll+0x321f63]
V  [jvm.dll+0x32129a]
V  [jvm.dll+0x205515]
V  [jvm.dll+0x2046fd]
V  [jvm.dll+0x1898fc]
V  [jvm.dll+0x213d67]
V  [jvm.dll+0x211f2b]
V  [jvm.dll+0x74ec19]
V  [jvm.dll+0x747c84]
V  [jvm.dll+0x600ba6]
C  [ucrtbase.dll+0x21bb2]
C  [KERNEL32.DLL+0x17034]
C  [ntdll.dll+0x52651]


---------------  P R O C E S S  ---------------

Threads class SMR info:
_java_thread_list=0x000001b9306c0120, length=10, elements={
0x000001b9159d9000, 0x000001b92fa4d800, 0x000001b92fa4e800, 0x000001b92fab8800,
0x000001b92fabb800, 0x000001b92fabd800, 0x000001b92fa69800, 0x000001b92fa6a000,
0x000001b9305be000, 0x000001b9306c3000
}

Java Threads: ( => current thread )
  0x000001b9159d9000 JavaThread "main" [_thread_in_vm, id=7044, stack(0x000000b491200000,0x000000b491300000)]
  0x000001b92fa4d800 JavaThread "Reference Handler" daemon [_thread_blocked, id=9016, stack(0x000000b491600000,0x000000b491700000)]
  0x000001b92fa4e800 JavaThread "Finalizer" daemon [_thread_blocked, id=10152, stack(0x000000b491700000,0x000000b491800000)]
  0x000001b92fab8800 JavaThread "Signal Dispatcher" daemon [_thread_blocked, id=9340, stack(0x000000b491800000,0x000000b491900000)]
  0x000001b92fabb800 JavaThread "Attach Listener" daemon [_thread_blocked, id=10856, stack(0x000000b491900000,0x000000b491a00000)]
  0x000001b92fabd800 JavaThread "Service Thread" daemon [_thread_blocked, id=5624, stack(0x000000b491a00000,0x000000b491b00000)]
=>0x000001b92fa69800 JavaThread "C2 CompilerThread0" daemon [_thread_in_native, id=896, stack(0x000000b491b00000,0x000000b491c00000)]
  0x000001b92fa6a000 JavaThread "C1 CompilerThread0" daemon [_thread_blocked, id=2620, stack(0x000000b491c00000,0x000000b491d00000)]
  0x000001b9305be000 JavaThread "Sweeper thread" daemon [_thread_blocked, id=10744, stack(0x000000b491d00000,0x000000b491e00000)]
  0x000001b9306c3000 JavaThread "Common-Cleaner" daemon [_thread_blocked, id=2292, stack(0x000000b491e00000,0x000000b491f00000)]

Other Threads:
  0x000001b915aa2000 VMThread "VM Thread" [stack: 0x000000b491500000,0x000000b491600000] [id=6972]
  0x000001b930832000 WatcherThread [stack: 0x000000b491f00000,0x000000b492000000] [id=2832]
  0x000001b9159f2000 GCTaskThread "ParGC Thread#0" [stack: 0x000000b491400000,0x000000b491500000] [id=10768]

Threads with active compile tasks:
C2 CompilerThread0   4830  488       4       java.util.jar.Manifest$FastInputStream::readLine (296 bytes)
C1 CompilerThread0   4830  507       3       java.util.HashMap::computeIfAbsent (330 bytes)

VM state:not at safepoint (normal execution)

VM Mutex/Monitor currently owned by a thread: None

Heap address: 0x00000000c0000000, size: 1024 MB, Compressed Oops mode: 32-bit
Narrow klass base: 0x0000000000000000, Narrow klass shift: 3
Compressed class space size: 1073741824 Address: 0x0000000100000000

Heap:
 PSYoungGen      total 29696K, used 6902K [0x00000000eab00000, 0x00000000ecc00000, 0x0000000100000000)
  eden space 25600K, 26% used [0x00000000eab00000,0x00000000eb1bd8c0,0x00000000ec400000)
  from space 4096K, 0% used [0x00000000ec800000,0x00000000ec800000,0x00000000ecc00000)
  to   space 4096K, 0% used [0x00000000ec400000,0x00000000ec400000,0x00000000ec800000)
 ParOldGen       total 68608K, used 0K [0x00000000c0000000, 0x00000000c4300000, 0x00000000eab00000)
  object space 68608K, 0% used [0x00000000c0000000,0x00000000c0000000,0x00000000c4300000)
 Metaspace       used 8818K, capacity 8938K, committed 9088K, reserved 1056768K
  class space    used 780K, capacity 808K, committed 896K, reserved 1048576K

Card table byte_map: [0x000001b915390000,0x000001b9155a0000] _byte_map_base: 0x000001b914d90000

Marking Bits: (ParMarkBitMap*) 0x00007ffde813bcf0
 Begin Bits: [0x000001b92d0f0000, 0x000001b92e0f0000)
 End Bits:   [0x000001b92e0f0000, 0x000001b92f0f0000)

Polling page: 0x000001b913b60000

Metaspace:

Usage:
  Non-class:      7.94 MB capacity,     7.85 MB ( 99%) used,    84.66 KB (  1%) free+waste,     7.13 KB ( <1%) overhead. 
      Class:    808.00 KB capacity,   780.38 KB ( 97%) used,    24.75 KB (  3%) free+waste,     2.88 KB ( <1%) overhead. 
       Both:      8.73 MB capacity,     8.61 MB ( 99%) used,   109.41 KB (  1%) free+waste,    10.00 KB ( <1%) overhead. 

Virtual space:
  Non-class space:        8.00 MB reserved,       8.00 MB (100%) committed 
      Class space:        1.00 GB reserved,     896.00 KB ( <1%) committed 
             Both:        1.01 GB reserved,       8.88 MB ( <1%) committed 

Chunk freelists:
   Non-Class:  62.00 KB
       Class:  24.00 KB
        Both:  86.00 KB

MaxMetaspaceSize: 17179869184.00 GB
CompressedClassSpaceSize: 1.00 GB
Initial GC threshold: 20.80 MB
Current GC threshold: 20.80 MB
CDS: off

CodeHeap 'non-profiled nmethods': size=120064Kb used=139Kb max_used=139Kb free=119924Kb
 bounds [0x000001b925bb0000, 0x000001b925e20000, 0x000001b92d0f0000]
CodeHeap 'profiled nmethods': size=120000Kb used=799Kb max_used=799Kb free=119200Kb
 bounds [0x000001b91e680000, 0x000001b91e8f0000, 0x000001b925bb0000]
CodeHeap 'non-nmethods': size=5696Kb used=1105Kb max_used=1118Kb free=4591Kb
 bounds [0x000001b91e0f0000, 0x000001b91e360000, 0x000001b91e680000]
 total_blobs=853 nmethods=504 adapters=265
 compilation: enabled
              stopped_count=0, restarted_count=0
 full_count=0

Compilation events (20 events):
Event: 4.692 Thread 0x000001b92fa6a000  484       1       java.util.HashMap::size (5 bytes)
Event: 4.692 Thread 0x000001b92fa6a000 nmethod 484 0x000001b925bd1690 code [0x000001b925bd1840, 0x000001b925bd18f8]
Event: 4.693 Thread 0x000001b92fa6a000  485       1       java.util.jar.Manifest::getEntries (5 bytes)
Event: 4.693 Thread 0x000001b92fa6a000 nmethod 485 0x000001b925bd1990 code [0x000001b925bd1b40, 0x000001b925bd1bf8]
Event: 4.693 Thread 0x000001b92fa6a000  486   !   3       java.util.jar.Attributes::read (390 bytes)
Event: 4.703 Thread 0x000001b92fa6a000 nmethod 486 0x000001b91e737890 code [0x000001b91e737e00, 0x000001b91e73aa18]
Event: 4.707 Thread 0x000001b92fa6a000  487   !   3       java.lang.StringCoding::decode (300 bytes)
Event: 4.709 Thread 0x000001b92fa69800 nmethod 471 0x000001b925bd1c90 code [0x000001b925bd1ec0, 0x000001b925bd27c0]
Event: 4.711 Thread 0x000001b92fa69800  488       4       java.util.jar.Manifest$FastInputStream::readLine (296 bytes)
Event: 4.711 Thread 0x000001b92fa6a000 nmethod 487 0x000001b91e73bc90 code [0x000001b91e73c0c0, 0x000001b91e73dee8]
Event: 4.712 Thread 0x000001b92fa6a000  489       3       java.util.jar.Manifest::getAttributes (14 bytes)
Event: 4.712 Thread 0x000001b92fa6a000 nmethod 489 0x000001b91e73e990 code [0x000001b91e73eb60, 0x000001b91e73ee28]
Event: 4.713 Thread 0x000001b92fa6a000  490       3       java.lang.String::<init> (127 bytes)
Event: 4.714 Thread 0x000001b92fa6a000 nmethod 490 0x000001b91e73ef10 code [0x000001b91e73f100, 0x000001b91e73f548]
Event: 4.714 Thread 0x000001b92fa6a000  491       3       java.util.jar.Attributes::<init> (17 bytes)
Event: 4.715 Thread 0x000001b92fa6a000 nmethod 491 0x000001b91e73f710 code [0x000001b91e73f900, 0x000001b91e73fbe8]
Event: 4.715 Thread 0x000001b92fa6a000  492       3       java.util.jar.Manifest::parseName (84 bytes)
Event: 4.720 Thread 0x000001b92fa6a000 nmethod 492 0x000001b91e73fd90 code [0x000001b91e73ffa0, 0x000001b91e740748]
Event: 4.724 Thread 0x000001b92fa6a000  493       3       java.util.jar.Attributes::size (10 bytes)
Event: 4.724 Thread 0x000001b92fa6a000 nmethod 493 0x000001b91e740990 code [0x000001b91e740b40, 0x000001b91e740d08]

GC Heap History (0 events):
No events

Deoptimization events (10 events):
Event: 1.718 Thread 0x000001b9159d9000 Uncommon trap: trap_request=0xffffff4d fr.pc=0x000001b925bbccec relative=0x00000000000005ec
Event: 1.718 Thread 0x000001b9159d9000 Uncommon trap: reason=unstable_if action=reinterpret pc=0x000001b925bbccec method=java.util.HashMap.putVal(ILjava/lang/Object;Ljava/lang/Object;ZZ)Ljava/lang/Object; @ 69 c2
Event: 1.718 Thread 0x000001b9159d9000 DEOPT PACKING pc=0x000001b925bbccec sp=0x000000b4912fea80
Event: 1.718 Thread 0x000001b9159d9000 DEOPT UNPACKING pc=0x000001b91e13a1aa sp=0x000000b4912fe9f0 mode 2
Event: 1.827 Thread 0x000001b9159d9000 Uncommon trap: trap_request=0xffffff4d fr.pc=0x000001b925bb8110 relative=0x0000000000000070
Event: 1.827 Thread 0x000001b9159d9000 Uncommon trap: reason=unstable_if action=reinterpret pc=0x000001b925bb8110 method=java.lang.String.isLatin1()Z @ 10 c2
Event: 1.827 Thread 0x000001b9159d9000 DEOPT PACKING pc=0x000001b925bb8110 sp=0x000000b4912feb90
Event: 1.827 Thread 0x000001b9159d9000 DEOPT UNPACKING pc=0x000001b91e13a1aa sp=0x000000b4912fead0 mode 2
Event: 4.431 Thread 0x000001b9159d9000 DEOPT PACKING pc=0x000001b91e70a1d9 sp=0x000000b4912fddd0
Event: 4.431 Thread 0x000001b9159d9000 DEOPT UNPACKING pc=0x000001b91e13a940 sp=0x000000b4912fd228 mode 0

Classes redefined (0 events):
No events

Internal exceptions (6 events):
Event: 4.049 Thread 0x000001b9159d9000 Exception <a 'java/lang/ClassNotFoundException'{0x00000000eaf820e8}: sun/net/www/protocol/c/Handler> (0x00000000eaf820e8) thrown at [./src/hotspot/share/classfile/systemDictionary.cpp, line 231]
Event: 4.128 Thread 0x000001b9159d9000 Exception <a 'java/io/FileNotFoundException'{0x00000000eaf98800}> (0x00000000eaf98800) thrown at [./src/hotspot/share/prims/jni.cpp, line 615]
Event: 4.129 Thread 0x000001b9159d9000 Exception <a 'java/io/FileNotFoundException'{0x00000000eaf995d0}> (0x00000000eaf995d0) thrown at [./src/hotspot/share/prims/jni.cpp, line 615]
Event: 4.130 Thread 0x000001b9159d9000 Exception <a 'java/io/FileNotFoundException'{0x00000000eaf9a268}> (0x00000000eaf9a268) thrown at [./src/hotspot/share/prims/jni.cpp, line 615]
Event: 4.131 Thread 0x000001b9159d9000 Exception <a 'java/io/FileNotFoundException'{0x00000000eaf9af20}> (0x00000000eaf9af20) thrown at [./src/hotspot/share/prims/jni.cpp, line 615]
Event: 4.213 Thread 0x000001b9159d9000 Exception <a 'java/io/FileNotFoundException'{0x00000000eafb7490}> (0x00000000eafb7490) thrown at [./src/hotspot/share/prims/jni.cpp, line 615]

Events (20 events):
Event: 4.443 loading class sun/nio/fs/WindowsSecurity
Event: 4.443 loading class sun/nio/fs/WindowsSecurity done
Event: 4.496 loading class sun/nio/fs/WindowsFileStore
Event: 4.496 loading class java/nio/file/FileStore
Event: 4.497 loading class java/nio/file/FileStore done
Event: 4.497 loading class sun/nio/fs/WindowsFileStore done
Event: 4.513 loading class org/eclipse/equinox/launcher/Main$Identifier
Event: 4.513 loading class org/eclipse/equinox/launcher/Main$Identifier done
Event: 4.573 loading class org/eclipse/equinox/launcher/Main$StartupClassLoader
Event: 4.573 loading class org/eclipse/equinox/launcher/Main$StartupClassLoader done
Event: 4.575 loading class java/net/URLClassLoader
Event: 4.576 loading class java/net/URLClassLoader done
Event: 4.576 loading class java/net/URLClassLoader$7
Event: 4.576 loading class jdk/internal/misc/JavaNetURLClassLoaderAccess
Event: 4.577 loading class jdk/internal/misc/JavaNetURLClassLoaderAccess done
Event: 4.577 loading class java/net/URLClassLoader$7 done
Event: 4.577 loading class org/eclipse/core/runtime/adaptor/EclipseStarter
Event: 4.577 loading class org/eclipse/core/runtime/adaptor/EclipseStarter done
Event: 4.577 loading class java/net/URLClassLoader$1
Event: 4.577 loading class java/net/URLClassLoader$1 done


Dynamic libraries:
0x00007ff7f4660000 - 0x00007ff7f466d000 	C:\Program Files\Eclipse Foundation\jdk-11.0.12.7-hotspot\bin\java.exe
0x00007ffe195f0000 - 0x00007ffe197e5000 	C:\WINDOWS\SYSTEM32\ntdll.dll
0x00007ffe17aa0000 - 0x00007ffe17b5e000 	C:\WINDOWS\System32\KERNEL32.DLL
0x00007ffe17010000 - 0x00007ffe172d8000 	C:\WINDOWS\System32\KERNELBASE.dll
0x00007ffe14560000 - 0x00007ffe145f0000 	C:\WINDOWS\SYSTEM32\apphelp.dll
0x00007ffe17400000 - 0x00007ffe17500000 	C:\WINDOWS\System32\ucrtbase.dll
0x00007ffe0f990000 - 0x00007ffe0f9a7000 	C:\Program Files\Eclipse Foundation\jdk-11.0.12.7-hotspot\bin\jli.dll
0x00007ffe17810000 - 0x00007ffe179b1000 	C:\WINDOWS\System32\USER32.dll
0x00007ffe16d10000 - 0x00007ffe16d32000 	C:\WINDOWS\System32\win32u.dll
0x00007ffe179c0000 - 0x00007ffe179eb000 	C:\WINDOWS\System32\GDI32.dll
0x00007ffe16ea0000 - 0x00007ffe16fab000 	C:\WINDOWS\System32\gdi32full.dll
0x00007ffe17330000 - 0x00007ffe173cd000 	C:\WINDOWS\System32\msvcp_win.dll
0x00007ffe0f840000 - 0x00007ffe0f855000 	C:\Program Files\Eclipse Foundation\jdk-11.0.12.7-hotspot\bin\VCRUNTIME140.dll
0x00007ffe08c00000 - 0x00007ffe08e9a000 	C:\WINDOWS\WinSxS\amd64_microsoft.windows.common-controls_6595b64144ccf1df_6.0.19041.1110_none_60b5254171f9507e\COMCTL32.dll
0x00007ffe18d00000 - 0x00007ffe18d9e000 	C:\WINDOWS\System32\msvcrt.dll
0x00007ffe19400000 - 0x00007ffe19430000 	C:\WINDOWS\System32\IMM32.DLL
0x00007ffdeb950000 - 0x00007ffdeb9eb000 	C:\Program Files\Eclipse Foundation\jdk-11.0.12.7-hotspot\bin\msvcp140.dll
0x00007ffde76a0000 - 0x00007ffde81f9000 	C:\Program Files\Eclipse Foundation\jdk-11.0.12.7-hotspot\bin\server\jvm.dll
0x00007ffe17bf0000 - 0x00007ffe17c9c000 	C:\WINDOWS\System32\ADVAPI32.dll
0x00007ffe17640000 - 0x00007ffe176db000 	C:\WINDOWS\System32\sechost.dll
0x00007ffe176e0000 - 0x00007ffe1780a000 	C:\WINDOWS\System32\RPCRT4.dll
0x00007ffe17a90000 - 0x00007ffe17a98000 	C:\WINDOWS\System32\PSAPI.DLL
0x00007ffe12720000 - 0x00007ffe12729000 	C:\WINDOWS\SYSTEM32\WSOCK32.dll
0x00007ffe19490000 - 0x00007ffe194fb000 	C:\WINDOWS\System32\WS2_32.dll
0x00007ffe095f0000 - 0x00007ffe09617000 	C:\WINDOWS\SYSTEM32\WINMM.dll
0x00007ffe08430000 - 0x00007ffe0843a000 	C:\WINDOWS\SYSTEM32\VERSION.dll
0x00007ffe15590000 - 0x00007ffe155a2000 	C:\WINDOWS\SYSTEM32\kernel.appcore.dll
0x00007ffe12630000 - 0x00007ffe12640000 	C:\Program Files\Eclipse Foundation\jdk-11.0.12.7-hotspot\bin\verify.dll
0x00007ffe038d0000 - 0x00007ffe03ab4000 	C:\WINDOWS\SYSTEM32\DBGHELP.DLL
0x00007ffe03870000 - 0x00007ffe0389c000 	C:\WINDOWS\SYSTEM32\dbgcore.DLL
0x00007ffe175b0000 - 0x00007ffe17633000 	C:\WINDOWS\System32\bcryptPrimitives.dll
0x00007ffe0d600000 - 0x00007ffe0d628000 	C:\Program Files\Eclipse Foundation\jdk-11.0.12.7-hotspot\bin\java.dll
0x00007ffe11870000 - 0x00007ffe1187a000 	C:\Program Files\Eclipse Foundation\jdk-11.0.12.7-hotspot\bin\jimage.dll
0x00007ffe0f7e0000 - 0x00007ffe0f7f7000 	C:\Program Files\Eclipse Foundation\jdk-11.0.12.7-hotspot\bin\zip.dll
0x00007ffe185a0000 - 0x00007ffe18cdf000 	C:\WINDOWS\System32\SHELL32.dll
0x00007ffe14d20000 - 0x00007ffe154b0000 	C:\WINDOWS\SYSTEM32\windows.storage.dll
0x00007ffe18240000 - 0x00007ffe18595000 	C:\WINDOWS\System32\combase.dll
0x00007ffe16690000 - 0x00007ffe166be000 	C:\WINDOWS\SYSTEM32\Wldp.dll
0x00007ffe18ed0000 - 0x00007ffe18f7d000 	C:\WINDOWS\System32\SHCORE.dll
0x00007ffe17e20000 - 0x00007ffe17e75000 	C:\WINDOWS\System32\shlwapi.dll
0x00007ffe16c50000 - 0x00007ffe16c6f000 	C:\WINDOWS\SYSTEM32\profapi.dll
0x00007ffe0dde0000 - 0x00007ffe0ddf9000 	C:\Program Files\Eclipse Foundation\jdk-11.0.12.7-hotspot\bin\net.dll
0x00007ffe08f70000 - 0x00007ffe0907c000 	C:\WINDOWS\SYSTEM32\WINHTTP.dll
0x00007ffe163f0000 - 0x00007ffe1645a000 	C:\WINDOWS\system32\mswsock.dll
0x00007ffe07200000 - 0x00007ffe07212000 	C:\Program Files\Eclipse Foundation\jdk-11.0.12.7-hotspot\bin\nio.dll

dbghelp: loaded successfully - version: 4.0.5 - missing functions: none
symbol engine: initialized successfully - sym options: 0x614 - pdb path: .;C:\Program Files\Eclipse Foundation\jdk-11.0.12.7-hotspot\bin;C:\WINDOWS\SYSTEM32;C:\WINDOWS\WinSxS\amd64_microsoft.windows.common-controls_6595b64144ccf1df_6.0.19041.1110_none_60b5254171f9507e;C:\Program Files\Eclipse Foundation\jdk-11.0.12.7-hotspot\bin\server

VM Arguments:
jvm_args: --add-modules=ALL-SYSTEM --add-opens=java.base/java.util=ALL-UNNAMED --add-opens=java.base/java.lang=ALL-UNNAMED -Declipse.application=org.eclipse.jdt.ls.core.id1 -Dosgi.bundles.defaultStartLevel=4 -Declipse.product=org.eclipse.jdt.ls.core.product -Dfile.encoding=utf8 -DwatchParentProcess=false -XX:+UseParallelGC -XX:GCTimeRatio=4 -XX:AdaptiveSizePolicyWeight=90 -Dsun.zip.disableMemoryMapping=true -Xmx1G -Xms100m -Xverify:none 
java_command: c:\Users\HP\.vscode\extensions\redhat.java-1.0.0\server\plugins\org.eclipse.equinox.launcher_1.6.400.v20210924-0641.jar -configuration c:\Users\HP\AppData\Roaming\Code\User\globalStorage\redhat.java\1.0.0\config_win -data c:\Users\HP\AppData\Roaming\Code\User\workspaceStorage\6387b7759385e639c85cc7f12ee0be0f\redhat.java\jdt_ws
java_class_path (initial): c:\Users\HP\.vscode\extensions\redhat.java-1.0.0\server\plugins\org.eclipse.equinox.launcher_1.6.400.v20210924-0641.jar
Launcher Type: SUN_STANDARD

[Global flags]
    uintx AdaptiveSizePolicyWeight                 = 90                                        {product} {command line}
     bool BytecodeVerificationLocal                = false                                     {product} {command line}
     bool BytecodeVerificationRemote               = false                                     {product} {command line}
     intx CICompilerCount                          = 2                                         {product} {ergonomic}
    uintx GCTimeRatio                              = 4                                         {product} {command line}
   size_t InitialHeapSize                          = 104857600                                 {product} {command line}
   size_t MaxHeapSize                              = 1073741824                                {product} {command line}
   size_t MaxNewSize                               = 357564416                                 {product} {ergonomic}
   size_t MinHeapDeltaBytes                        = 524288                                    {product} {ergonomic}
   size_t NewSize                                  = 34603008                                  {product} {ergonomic}
    uintx NonNMethodCodeHeapSize                   = 5825164                                {pd product} {ergonomic}
    uintx NonProfiledCodeHeapSize                  = 122916538                              {pd product} {ergonomic}
   size_t OldSize                                  = 70254592                                  {product} {ergonomic}
    uintx ProfiledCodeHeapSize                     = 122916538                              {pd product} {ergonomic}
    uintx ReservedCodeCacheSize                    = 251658240                              {pd product} {ergonomic}
     bool SegmentedCodeCache                       = true                                      {product} {ergonomic}
     bool UseCompressedClassPointers               = true                                 {lp64_product} {ergonomic}
     bool UseCompressedOops                        = true                                 {lp64_product} {ergonomic}
     bool UseLargePagesIndividualAllocation        = false                                  {pd product} {ergonomic}
     bool UseParallelGC                            = true                                      {product} {command line}

Logging:
Log output configuration:
 #0: stdout all=warning uptime,level,tags
 #1: stderr all=off uptime,level,tags

Environment Variables:
PATH=C:\Program Files\Eclipse Foundation\jdk-11.0.12.7-hotspot\bin;C:\Program Files (x86)\Common Files\Oracle\Java\javapath;C:\WINDOWS\system32;C:\WINDOWS;C:\WINDOWS\System32\Wbem;C:\WINDOWS\System32\WindowsPowerShell\v1.0\;C:\WINDOWS\System32\OpenSSH\;C:\Users\HP\AppData\Local\Microsoft\WindowsApps;;C:\Users\HP\AppData\Local\Programs\Microsoft VS Code\bin
USERNAME=HP
OS=Windows_NT
PROCESSOR_IDENTIFIER=Intel64 Family 6 Model 55 Stepping 3, GenuineIntel



---------------  S Y S T E M  ---------------

OS: Windows 10 , 64 bit Build 19041 (10.0.19041.1348)
OS uptime: 0 days 1:43 hours

CPU:total 2 (initial active 2) (2 cores per cpu, 1 threads per core) family 6 model 55 stepping 3 microcode 0x326, cmov, cx8, fxsr, mmx, sse, sse2, sse3, ssse3, sse4.1, sse4.2, popcnt, clmul, erms, 3dnowpref, tsc, tscinvbit

Memory: 4k page, system-wide physical 3983M (535M free)
TotalPageFile size 3983M (AvailPageFile size 2M)
current process WorkingSet (physical memory assigned to process): 41M, peak: 41M
current process commit charge ("private bytes"): 172M, peak: 172M

vm_info: OpenJDK 64-Bit Server VM (11.0.12+7) for windows-amd64 JRE (11.0.12+7), built on Jul 21 2021 16:23:49 by "" with unknown MS VC++:1916

END.
