#
# There is insufficient memory for the Java Runtime Environment to continue.
# Native memory allocation (malloc) failed to allocate 32784 bytes for Chunk::new
# Possible reasons:
#   The system is out of physical RAM or swap space
#   The process is running with CompressedOops enabled, and the Java Heap may be blocking the growth of the native heap
# Possible solutions:
#   Reduce memory load on the system
#   Increase physical memory or swap space
#   Check if swap backing store is full
#   Decrease Java heap size (-Xmx/-Xms)
#   Decrease number of Java threads
#   Decrease Java thread stack sizes (-Xss)
#   Set larger code cache with -XX:ReservedCodeCacheSize=
#   JVM is running with Unscaled Compressed Oops mode in which the Java heap is
#     placed in the first 4GB address space. The Java Heap base address is the
#     maximum limit for the native heap growth. Please use -XX:HeapBaseMinAddress
#     to set the Java Heap base and to place the Java Heap above 4GB virtual address.
# This output file may be truncated or incomplete.
#
#  Out of Memory Error (./src/hotspot/share/memory/arena.cpp:197), pid=11724, tid=8916
#
# JRE version: OpenJDK Runtime Environment Temurin-11.0.12+7 (11.0.12+7) (build 11.0.12+7)
# Java VM: OpenJDK 64-Bit Server VM Temurin-11.0.12+7 (11.0.12+7, mixed mode, tiered, compressed oops, parallel gc, windows-amd64)
# No core dump will be written. Minidumps are not enabled by default on client versions of Windows
#

---------------  S U M M A R Y ------------

Command Line: --add-modules=ALL-SYSTEM --add-opens=java.base/java.util=ALL-UNNAMED --add-opens=java.base/java.lang=ALL-UNNAMED -Declipse.application=org.eclipse.jdt.ls.core.id1 -Dosgi.bundles.defaultStartLevel=4 -Declipse.product=org.eclipse.jdt.ls.core.product -Dfile.encoding=utf8 -DwatchParentProcess=false -XX:+UseParallelGC -XX:GCTimeRatio=4 -XX:AdaptiveSizePolicyWeight=90 -Dsun.zip.disableMemoryMapping=true -Xmx1G -Xms100m -Xverify:none c:\Users\HP\.vscode\extensions\redhat.java-1.0.0\server\plugins\org.eclipse.equinox.launcher_1.6.400.v20210924-0641.jar -configuration c:\Users\HP\AppData\Roaming\Code\User\globalStorage\redhat.java\1.0.0\config_win -data c:\Users\HP\AppData\Roaming\Code\User\workspaceStorage\6387b7759385e639c85cc7f12ee0be0f\redhat.java\jdt_ws

Host: Intel(R) Celeron(R) CPU  N2820  @ 2.13GHz, 2 cores, 3G,  Windows 10 , 64 bit Build 19041 (10.0.19041.1348)
Time: Wed Nov 17 11:02:54 2021 Hora oficial do Brasil elapsed time: 137.496535 seconds (0d 0h 2m 17s)

---------------  T H R E A D  ---------------

Current thread (0x000002f1b815c000):  JavaThread "C2 CompilerThread0" daemon [_thread_in_native, id=8916, stack(0x000000fb67800000,0x000000fb67900000)]


Current CompileTask:
C2: 137496 7382       4       org.eclipse.jdt.internal.compiler.parser.Parser::consumeToken (2275 bytes)

Stack: [0x000000fb67800000,0x000000fb67900000]
Native frames: (J=compiled Java code, j=interpreted, Vv=VM code, C=native code)
V  [jvm.dll+0x601d0a]
V  [jvm.dll+0x78ab6e]
V  [jvm.dll+0x78c23f]
V  [jvm.dll+0x78c903]
V  [jvm.dll+0x24be68]
V  [jvm.dll+0xc219c]
V  [jvm.dll+0xc275c]
V  [jvm.dll+0xc22ab]
V  [jvm.dll+0x5dfbdf]
V  [jvm.dll+0x322d65]
V  [jvm.dll+0x3242de]
V  [jvm.dll+0x321d53]
V  [jvm.dll+0x32129a]
V  [jvm.dll+0x205515]
V  [jvm.dll+0x2046fd]
V  [jvm.dll+0x1898fc]
V  [jvm.dll+0x213d67]
V  [jvm.dll+0x211f2b]
V  [jvm.dll+0x74ec19]
V  [jvm.dll+0x747c84]
V  [jvm.dll+0x600ba6]
C  [ucrtbase.dll+0x21bb2]
C  [KERNEL32.DLL+0x17034]
C  [ntdll.dll+0x52651]


---------------  P R O C E S S  ---------------

Threads class SMR info:
_java_thread_list=0x000002f1bd3dcd20, length=27, elements={
0x000002f19c177800, 0x000002f1b814d000, 0x000002f1b813e000, 0x000002f1b81ab800,
0x000002f1b81ae800, 0x000002f1b815b000, 0x000002f1b815c000, 0x000002f1b815d000,
0x000002f1b8ccc000, 0x000002f1b8dc6000, 0x000002f1b8f2f000, 0x000002f1b930d000,
0x000002f1b930e800, 0x000002f1b9709000, 0x000002f1b92fd000, 0x000002f1b95d5000,
0x000002f1b9829800, 0x000002f1ba846800, 0x000002f1b8d8b800, 0x000002f1ba980000,
0x000002f1ba983800, 0x000002f1ba984000, 0x000002f1bd311800, 0x000002f1bd310800,
0x000002f1bd312800, 0x000002f1bd310000, 0x000002f1bd314000
}

Java Threads: ( => current thread )
  0x000002f19c177800 JavaThread "main" [_thread_blocked, id=11660, stack(0x000000fb66f00000,0x000000fb67000000)]
  0x000002f1b814d000 JavaThread "Reference Handler" daemon [_thread_blocked, id=3216, stack(0x000000fb67300000,0x000000fb67400000)]
  0x000002f1b813e000 JavaThread "Finalizer" daemon [_thread_blocked, id=3212, stack(0x000000fb67400000,0x000000fb67500000)]
  0x000002f1b81ab800 JavaThread "Signal Dispatcher" daemon [_thread_blocked, id=11944, stack(0x000000fb67500000,0x000000fb67600000)]
  0x000002f1b81ae800 JavaThread "Attach Listener" daemon [_thread_blocked, id=2564, stack(0x000000fb67600000,0x000000fb67700000)]
  0x000002f1b815b000 JavaThread "Service Thread" daemon [_thread_blocked, id=8780, stack(0x000000fb67700000,0x000000fb67800000)]
=>0x000002f1b815c000 JavaThread "C2 CompilerThread0" daemon [_thread_in_native, id=8916, stack(0x000000fb67800000,0x000000fb67900000)]
  0x000002f1b815d000 JavaThread "C1 CompilerThread0" daemon [_thread_blocked, id=7752, stack(0x000000fb67900000,0x000000fb67a00000)]
  0x000002f1b8ccc000 JavaThread "Sweeper thread" daemon [_thread_blocked, id=9864, stack(0x000000fb67a00000,0x000000fb67b00000)]
  0x000002f1b8dc6000 JavaThread "Common-Cleaner" daemon [_thread_blocked, id=2248, stack(0x000000fb67b00000,0x000000fb67c00000)]
  0x000002f1b8f2f000 JavaThread "Active Thread: Equinox Container: 29f59d80-39dd-4bf9-a4bf-f4cb7661f8ff" [_thread_blocked, id=668, stack(0x000000fb67d00000,0x000000fb67e00000)]
  0x000002f1b930d000 JavaThread "Framework Event Dispatcher: Equinox Container: 29f59d80-39dd-4bf9-a4bf-f4cb7661f8ff" daemon [_thread_blocked, id=1036, stack(0x000000fb67e00000,0x000000fb67f00000)]
  0x000002f1b930e800 JavaThread "Start Level: Equinox Container: 29f59d80-39dd-4bf9-a4bf-f4cb7661f8ff" daemon [_thread_blocked, id=3900, stack(0x000000fb67f00000,0x000000fb68000000)]
  0x000002f1b9709000 JavaThread "SCR Component Actor" daemon [_thread_blocked, id=10740, stack(0x000000fb68100000,0x000000fb68200000)]
  0x000002f1b92fd000 JavaThread "Worker-JM" [_thread_blocked, id=3864, stack(0x000000fb68300000,0x000000fb68400000)]
  0x000002f1b95d5000 JavaThread "Worker-0" [_thread_blocked, id=11608, stack(0x000000fb68400000,0x000000fb68500000)]
  0x000002f1b9829800 JavaThread "Worker-1" [_thread_blocked, id=11396, stack(0x000000fb68200000,0x000000fb68300000)]
  0x000002f1ba846800 JavaThread "Java indexing" daemon [_thread_blocked, id=1012, stack(0x000000fb68500000,0x000000fb68600000)]
  0x000002f1b8d8b800 JavaThread "Worker-2: Initialize workspace" [_thread_blocked, id=9748, stack(0x000000fb68600000,0x000000fb68700000)]
  0x000002f1ba980000 JavaThread "pool-2-thread-1" [_thread_in_native, id=4496, stack(0x000000fb68800000,0x000000fb68900000)]
  0x000002f1ba983800 JavaThread "Worker-3: Publish Diagnostics" [_thread_in_vm, id=5396, stack(0x000000fb68a00000,0x000000fb68b00000)]
  0x000002f1ba984000 JavaThread "Worker-4" [_thread_blocked, id=6544, stack(0x000000fb68b00000,0x000000fb68c00000)]
  0x000002f1bd311800 JavaThread "Bundle File Closer" daemon [_thread_blocked, id=11380, stack(0x000000fb69b00000,0x000000fb69c00000)]
  0x000002f1bd310800 JavaThread "Worker-5" [_thread_blocked, id=5612, stack(0x000000fb66e00000,0x000000fb66f00000)]
  0x000002f1bd312800 JavaThread "ForkJoinPool.commonPool-worker-3" daemon [_thread_blocked, id=2336, stack(0x000000fb67000000,0x000000fb67100000)]
  0x000002f1bd310000 JavaThread "Thread-64" [_thread_in_native, id=2776, stack(0x000000fb69300000,0x000000fb69400000)]
  0x000002f1bd314000 JavaThread "Thread-66" [_thread_blocked, id=8860, stack(0x000000fb68d00000,0x000000fb68e00000)]

Other Threads:
  0x000002f1b80b5000 VMThread "VM Thread" [stack: 0x000000fb67200000,0x000000fb67300000] [id=11736]
  0x000002f1b8ee5800 WatcherThread [stack: 0x000000fb67c00000,0x000000fb67d00000] [id=9700]
  0x000002f19c191000 GCTaskThread "ParGC Thread#0" [stack: 0x000000fb67100000,0x000000fb67200000] [id=7408]
  0x000002f1b96ea000 GCTaskThread "ParGC Thread#1" [stack: 0x000000fb68000000,0x000000fb68100000] [id=10120]

Threads with active compile tasks:
C2 CompilerThread0 137776 7382       4       org.eclipse.jdt.internal.compiler.parser.Parser::consumeToken (2275 bytes)

VM state:not at safepoint (normal execution)

VM Mutex/Monitor currently owned by a thread: None

Heap address: 0x00000000c0000000, size: 1024 MB, Compressed Oops mode: 32-bit
Narrow klass base: 0x0000000000000000, Narrow klass shift: 3
Compressed class space size: 1073741824 Address: 0x0000000100000000

Heap:
 PSYoungGen      total 43520K, used 19204K [0x00000000eab00000, 0x00000000ede80000, 0x0000000100000000)
  eden space 38400K, 37% used [0x00000000eab00000,0x00000000eb9144a0,0x00000000ed080000)
  from space 5120K, 93% used [0x00000000ed980000,0x00000000ede2cb98,0x00000000ede80000)
  to   space 6144K, 0% used [0x00000000ed280000,0x00000000ed280000,0x00000000ed880000)
 ParOldGen       total 162816K, used 70263K [0x00000000c0000000, 0x00000000c9f00000, 0x00000000eab00000)
  object space 162816K, 43% used [0x00000000c0000000,0x00000000c449df38,0x00000000c9f00000)
 Metaspace       used 59900K, capacity 62569K, committed 62808K, reserved 1107968K
  class space    used 5911K, capacity 6942K, committed 7000K, reserved 1048576K

Card table byte_map: [0x000002f1b5260000,0x000002f1b5470000] _byte_map_base: 0x000002f1b4c60000

Marking Bits: (ParMarkBitMap*) 0x00007ffed649bcf0
 Begin Bits: [0x000002f1b55d0000, 0x000002f1b65d0000)
 End Bits:   [0x000002f1b65d0000, 0x000002f1b75d0000)

Polling page: 0x000002f1a6050000

Metaspace:

Usage:
  Non-class:     54.32 MB capacity,    52.72 MB ( 97%) used,     1.48 MB (  3%) free+waste,   125.31 KB ( <1%) overhead. 
      Class:      6.78 MB capacity,     5.77 MB ( 85%) used,   973.40 KB ( 14%) free+waste,    56.81 KB ( <1%) overhead. 
       Both:     61.10 MB capacity,    58.50 MB ( 96%) used,     2.43 MB (  4%) free+waste,   182.13 KB ( <1%) overhead. 

Virtual space:
  Non-class space:       58.00 MB reserved,      54.50 MB ( 94%) committed 
      Class space:        1.00 GB reserved,       6.84 MB ( <1%) committed 
             Both:        1.06 GB reserved,      61.34 MB (  6%) committed 

Chunk freelists:
   Non-Class:  53.00 KB
       Class:  2.00 KB
        Both:  55.00 KB

MaxMetaspaceSize: 17179869184.00 GB
CompressedClassSpaceSize: 1.00 GB
Initial GC threshold: 20.80 MB
Current GC threshold: 98.27 MB
CDS: off

CodeHeap 'non-profiled nmethods': size=120064Kb used=4558Kb max_used=4558Kb free=115506Kb
 bounds [0x000002f1adb30000, 0x000002f1adfb0000, 0x000002f1b5070000]
CodeHeap 'profiled nmethods': size=120000Kb used=19768Kb max_used=19768Kb free=100231Kb
 bounds [0x000002f1a6600000, 0x000002f1a7950000, 0x000002f1adb30000]
CodeHeap 'non-nmethods': size=5696Kb used=1334Kb max_used=1414Kb free=4361Kb
 bounds [0x000002f1a6070000, 0x000002f1a62e0000, 0x000002f1a6600000]
 total_blobs=8074 nmethods=7442 adapters=546
 compilation: enabled
              stopped_count=0, restarted_count=0
 full_count=0

Compilation events (20 events):
Event: 137.435 Thread 0x000002f1b815d000 7484       2       org.eclipse.jdt.core.dom.CompilationUnit::getLineNumber (138 bytes)
Event: 137.436 Thread 0x000002f1b815d000 nmethod 7484 0x000002f1a793ac90 code [0x000002f1a793ae60, 0x000002f1a793b1b8]
Event: 137.436 Thread 0x000002f1b815d000 7485       1       org.eclipse.jdt.ls.core.internal.semantictokens.SemanticTokensVisitor$SemanticToken::getTokenType (5 bytes)
Event: 137.436 Thread 0x000002f1b815d000 nmethod 7485 0x000002f1adfa2910 code [0x000002f1adfa2ac0, 0x000002f1adfa2b78]
Event: 137.436 Thread 0x000002f1b815d000 7486       1       org.eclipse.jdt.ls.core.internal.semantictokens.SemanticTokensVisitor$SemanticToken::getTokenModifiers (5 bytes)
Event: 137.437 Thread 0x000002f1b815d000 nmethod 7486 0x000002f1adfa2c10 code [0x000002f1adfa2dc0, 0x000002f1adfa2e78]
Event: 137.442 Thread 0x000002f1b815d000 7487       1       org.eclipse.jdt.ls.core.internal.semantictokens.SemanticTokensVisitor$SemanticToken::getLength (5 bytes)
Event: 137.443 Thread 0x000002f1b815d000 nmethod 7487 0x000002f1adfa2f10 code [0x000002f1adfa30c0, 0x000002f1adfa3178]
Event: 137.443 Thread 0x000002f1b815d000 7488       2       org.eclipse.jdt.core.dom.CompilationUnit::getColumnNumber (112 bytes)
Event: 137.444 Thread 0x000002f1b815d000 nmethod 7488 0x000002f1a793b390 code [0x000002f1a793b560, 0x000002f1a793b7a8]
Event: 137.445 Thread 0x000002f1b815d000 7489       2       java.io.StringWriter::append (6 bytes)
Event: 137.446 Thread 0x000002f1b815d000 nmethod 7489 0x000002f1a793b910 code [0x000002f1a793bac0, 0x000002f1a793bda8]
Event: 137.461 Thread 0x000002f1b815d000 7490       2       org.eclipse.jdt.internal.compiler.util.HashtableOfType::<init> (49 bytes)
Event: 137.462 Thread 0x000002f1b815d000 nmethod 7490 0x000002f1a793bf10 code [0x000002f1a793c0e0, 0x000002f1a793c398]
Event: 137.463 Thread 0x000002f1b815d000 7491       2       org.eclipse.jdt.internal.compiler.lookup.ClassScope::checkAndSetModifiersForField (287 bytes)
Event: 137.468 Thread 0x000002f1b815d000 nmethod 7491 0x000002f1a793c490 code [0x000002f1a793c780, 0x000002f1a793d7f8]
Event: 137.469 Thread 0x000002f1b815d000 7492       2       org.eclipse.jdt.internal.compiler.util.HashtableOfObject::containsKey (63 bytes)
Event: 137.469 Thread 0x000002f1b815d000 nmethod 7492 0x000002f1a793e610 code [0x000002f1a793e7e0, 0x000002f1a793ea78]
Event: 137.475 Thread 0x000002f1b815d000 7493       2       org.eclipse.jdt.internal.compiler.parser.diagnose.DiagnoseParser::checkPrimaryDistance (1152 bytes)
Event: 137.483 Thread 0x000002f1b815d000 nmethod 7493 0x000002f1a793ec90 code [0x000002f1a793f060, 0x000002f1a79407c8]

GC Heap History (20 events):
Event: 113.446 GC heap before
{Heap before GC invocations=20 (full 2):
 PSYoungGen      total 23552K, used 5794K [0x00000000eab00000, 0x00000000ec780000, 0x0000000100000000)
  eden space 22016K, 19% used [0x00000000eab00000,0x00000000eaf2bfb8,0x00000000ec080000)
  from space 1536K, 99% used [0x00000000ec280000,0x00000000ec3fcb78,0x00000000ec400000)
  to   space 3584K, 0% used [0x00000000ec400000,0x00000000ec400000,0x00000000ec780000)
 ParOldGen       total 68608K, used 34321K [0x00000000c0000000, 0x00000000c4300000, 0x00000000eab00000)
  object space 68608K, 50% used [0x00000000c0000000,0x00000000c21845b0,0x00000000c4300000)
 Metaspace       used 56336K, capacity 58845K, committed 58968K, reserved 1101824K
  class space    used 5665K, capacity 6639K, committed 6744K, reserved 1048576K
}
Event: 113.459 GC heap after
{Heap after GC invocations=20 (full 2):
 PSYoungGen      total 23040K, used 716K [0x00000000eab00000, 0x00000000ec500000, 0x0000000100000000)
  eden space 22016K, 0% used [0x00000000eab00000,0x00000000eab00000,0x00000000ec080000)
  from space 1024K, 70% used [0x00000000ec400000,0x00000000ec4b33c8,0x00000000ec500000)
  to   space 2048K, 0% used [0x00000000ec100000,0x00000000ec100000,0x00000000ec300000)
 ParOldGen       total 68608K, used 35688K [0x00000000c0000000, 0x00000000c4300000, 0x00000000eab00000)
  object space 68608K, 52% used [0x00000000c0000000,0x00000000c22da2f0,0x00000000c4300000)
 Metaspace       used 56336K, capacity 58845K, committed 58968K, reserved 1101824K
  class space    used 5665K, capacity 6639K, committed 6744K, reserved 1048576K
}
Event: 113.459 GC heap before
{Heap before GC invocations=21 (full 3):
 PSYoungGen      total 23040K, used 716K [0x00000000eab00000, 0x00000000ec500000, 0x0000000100000000)
  eden space 22016K, 0% used [0x00000000eab00000,0x00000000eab00000,0x00000000ec080000)
  from space 1024K, 70% used [0x00000000ec400000,0x00000000ec4b33c8,0x00000000ec500000)
  to   space 2048K, 0% used [0x00000000ec100000,0x00000000ec100000,0x00000000ec300000)
 ParOldGen       total 68608K, used 35688K [0x00000000c0000000, 0x00000000c4300000, 0x00000000eab00000)
  object space 68608K, 52% used [0x00000000c0000000,0x00000000c22da2f0,0x00000000c4300000)
 Metaspace       used 56336K, capacity 58845K, committed 58968K, reserved 1101824K
  class space    used 5665K, capacity 6639K, committed 6744K, reserved 1048576K
}
Event: 114.377 GC heap after
{Heap after GC invocations=21 (full 3):
 PSYoungGen      total 23040K, used 0K [0x00000000eab00000, 0x00000000ec500000, 0x0000000100000000)
  eden space 22016K, 0% used [0x00000000eab00000,0x00000000eab00000,0x00000000ec080000)
  from space 1024K, 0% used [0x00000000ec400000,0x00000000ec400000,0x00000000ec500000)
  to   space 2048K, 0% used [0x00000000ec100000,0x00000000ec100000,0x00000000ec300000)
 ParOldGen       total 68608K, used 32473K [0x00000000c0000000, 0x00000000c4300000, 0x00000000eab00000)
  object space 68608K, 47% used [0x00000000c0000000,0x00000000c1fb6488,0x00000000c4300000)
 Metaspace       used 56336K, capacity 58845K, committed 58968K, reserved 1101824K
  class space    used 5665K, capacity 6639K, committed 6744K, reserved 1048576K
}
Event: 118.621 GC heap before
{Heap before GC invocations=22 (full 3):
 PSYoungGen      total 23040K, used 18319K [0x00000000eab00000, 0x00000000ec500000, 0x0000000100000000)
  eden space 22016K, 83% used [0x00000000eab00000,0x00000000ebce3f10,0x00000000ec080000)
  from space 1024K, 0% used [0x00000000ec400000,0x00000000ec400000,0x00000000ec500000)
  to   space 2048K, 0% used [0x00000000ec100000,0x00000000ec100000,0x00000000ec300000)
 ParOldGen       total 68608K, used 32473K [0x00000000c0000000, 0x00000000c4300000, 0x00000000eab00000)
  object space 68608K, 47% used [0x00000000c0000000,0x00000000c1fb6488,0x00000000c4300000)
 Metaspace       used 56821K, capacity 59391K, committed 59480K, reserved 1101824K
  class space    used 5688K, capacity 6684K, committed 6744K, reserved 1048576K
}
Event: 118.651 GC heap after
{Heap after GC invocations=22 (full 3):
 PSYoungGen      total 24064K, used 1673K [0x00000000eab00000, 0x00000000ec480000, 0x0000000100000000)
  eden space 22016K, 0% used [0x00000000eab00000,0x00000000eab00000,0x00000000ec080000)
  from space 2048K, 81% used [0x00000000ec100000,0x00000000ec2a2780,0x00000000ec300000)
  to   space 1536K, 0% used [0x00000000ec300000,0x00000000ec300000,0x00000000ec480000)
 ParOldGen       total 68608K, used 37633K [0x00000000c0000000, 0x00000000c4300000, 0x00000000eab00000)
  object space 68608K, 54% used [0x00000000c0000000,0x00000000c24c0418,0x00000000c4300000)
 Metaspace       used 56821K, capacity 59391K, committed 59480K, reserved 1101824K
  class space    used 5688K, capacity 6684K, committed 6744K, reserved 1048576K
}
Event: 119.800 GC heap before
{Heap before GC invocations=23 (full 4):
 PSYoungGen      total 24064K, used 23689K [0x00000000eab00000, 0x00000000ec480000, 0x0000000100000000)
  eden space 22016K, 100% used [0x00000000eab00000,0x00000000ec080000,0x00000000ec080000)
  from space 2048K, 81% used [0x00000000ec100000,0x00000000ec2a2780,0x00000000ec300000)
  to   space 1536K, 0% used [0x00000000ec300000,0x00000000ec300000,0x00000000ec480000)
 ParOldGen       total 68608K, used 63962K [0x00000000c0000000, 0x00000000c4300000, 0x00000000eab00000)
  object space 68608K, 93% used [0x00000000c0000000,0x00000000c3e769c8,0x00000000c4300000)
 Metaspace       used 56892K, capacity 59525K, committed 59736K, reserved 1101824K
  class space    used 5691K, capacity 6686K, committed 6744K, reserved 1048576K
}
Event: 120.831 GC heap after
{Heap after GC invocations=23 (full 4):
 PSYoungGen      total 24064K, used 0K [0x00000000eab00000, 0x00000000ec680000, 0x0000000100000000)
  eden space 22528K, 0% used [0x00000000eab00000,0x00000000eab00000,0x00000000ec100000)
  from space 1536K, 0% used [0x00000000ec300000,0x00000000ec300000,0x00000000ec480000)
  to   space 2048K, 0% used [0x00000000ec100000,0x00000000ec100000,0x00000000ec300000)
 ParOldGen       total 107520K, used 55428K [0x00000000c0000000, 0x00000000c6900000, 0x00000000eab00000)
  object space 107520K, 51% used [0x00000000c0000000,0x00000000c36210e8,0x00000000c6900000)
 Metaspace       used 56892K, capacity 59525K, committed 59736K, reserved 1101824K
  class space    used 5691K, capacity 6686K, committed 6744K, reserved 1048576K
}
Event: 123.332 GC heap before
{Heap before GC invocations=24 (full 4):
 PSYoungGen      total 24064K, used 22528K [0x00000000eab00000, 0x00000000ec680000, 0x0000000100000000)
  eden space 22528K, 100% used [0x00000000eab00000,0x00000000ec100000,0x00000000ec100000)
  from space 1536K, 0% used [0x00000000ec300000,0x00000000ec300000,0x00000000ec480000)
  to   space 2048K, 0% used [0x00000000ec100000,0x00000000ec100000,0x00000000ec300000)
 ParOldGen       total 107520K, used 55428K [0x00000000c0000000, 0x00000000c6900000, 0x00000000eab00000)
  object space 107520K, 51% used [0x00000000c0000000,0x00000000c36210e8,0x00000000c6900000)
 Metaspace       used 57030K, capacity 59679K, committed 59736K, reserved 1101824K
  class space    used 5695K, capacity 6690K, committed 6744K, reserved 1048576K
}
Event: 123.790 GC heap after
{Heap after GC invocations=24 (full 4):
 PSYoungGen      total 24576K, used 2037K [0x00000000eab00000, 0x00000000ee280000, 0x0000000100000000)
  eden space 22528K, 0% used [0x00000000eab00000,0x00000000eab00000,0x00000000ec100000)
  from space 2048K, 99% used [0x00000000ec100000,0x00000000ec2fd5f0,0x00000000ec300000)
  to   space 15872K, 0% used [0x00000000ed300000,0x00000000ed300000,0x00000000ee280000)
 ParOldGen       total 107520K, used 67020K [0x00000000c0000000, 0x00000000c6900000, 0x00000000eab00000)
  object space 107520K, 62% used [0x00000000c0000000,0x00000000c41730e8,0x00000000c6900000)
 Metaspace       used 57030K, capacity 59679K, committed 59736K, reserved 1101824K
  class space    used 5695K, capacity 6690K, committed 6744K, reserved 1048576K
}
Event: 125.131 GC heap before
{Heap before GC invocations=25 (full 4):
 PSYoungGen      total 24576K, used 24565K [0x00000000eab00000, 0x00000000ee280000, 0x0000000100000000)
  eden space 22528K, 100% used [0x00000000eab00000,0x00000000ec100000,0x00000000ec100000)
  from space 2048K, 99% used [0x00000000ec100000,0x00000000ec2fd5f0,0x00000000ec300000)
  to   space 15872K, 0% used [0x00000000ed300000,0x00000000ed300000,0x00000000ee280000)
 ParOldGen       total 107520K, used 67020K [0x00000000c0000000, 0x00000000c6900000, 0x00000000eab00000)
  object space 107520K, 62% used [0x00000000c0000000,0x00000000c41730e8,0x00000000c6900000)
 Metaspace       used 57073K, capacity 59703K, committed 59992K, reserved 1101824K
  class space    used 5699K, capacity 6695K, committed 6744K, reserved 1048576K
}
Event: 125.230 GC heap after
{Heap after GC invocations=25 (full 4):
 PSYoungGen      total 39936K, used 14592K [0x00000000eab00000, 0x00000000ee180000, 0x0000000100000000)
  eden space 25088K, 0% used [0x00000000eab00000,0x00000000eab00000,0x00000000ec380000)
  from space 14848K, 98% used [0x00000000ed300000,0x00000000ee140000,0x00000000ee180000)
  to   space 15360K, 0% used [0x00000000ec380000,0x00000000ec380000,0x00000000ed280000)
 ParOldGen       total 107520K, used 69049K [0x00000000c0000000, 0x00000000c6900000, 0x00000000eab00000)
  object space 107520K, 64% used [0x00000000c0000000,0x00000000c436e6f0,0x00000000c6900000)
 Metaspace       used 57073K, capacity 59703K, committed 59992K, reserved 1101824K
  class space    used 5699K, capacity 6695K, committed 6744K, reserved 1048576K
}
Event: 127.124 GC heap before
{Heap before GC invocations=26 (full 4):
 PSYoungGen      total 39936K, used 39680K [0x00000000eab00000, 0x00000000ee180000, 0x0000000100000000)
  eden space 25088K, 100% used [0x00000000eab00000,0x00000000ec380000,0x00000000ec380000)
  from space 14848K, 98% used [0x00000000ed300000,0x00000000ee140000,0x00000000ee180000)
  to   space 15360K, 0% used [0x00000000ec380000,0x00000000ec380000,0x00000000ed280000)
 ParOldGen       total 107520K, used 69049K [0x00000000c0000000, 0x00000000c6900000, 0x00000000eab00000)
  object space 107520K, 64% used [0x00000000c0000000,0x00000000c436e6f0,0x00000000c6900000)
 Metaspace       used 57460K, capacity 60064K, committed 60376K, reserved 1103872K
  class space    used 5718K, capacity 6729K, committed 6872K, reserved 1048576K
}
Event: 127.399 GC heap after
{Heap after GC invocations=26 (full 4):
 PSYoungGen      total 40448K, used 15360K [0x00000000eab00000, 0x00000000efe00000, 0x0000000100000000)
  eden space 25088K, 0% used [0x00000000eab00000,0x00000000eab00000,0x00000000ec380000)
  from space 15360K, 100% used [0x00000000ec380000,0x00000000ed280000,0x00000000ed280000)
  to   space 28160K, 0% used [0x00000000ee280000,0x00000000ee280000,0x00000000efe00000)
 ParOldGen       total 107520K, used 79361K [0x00000000c0000000, 0x00000000c6900000, 0x00000000eab00000)
  object space 107520K, 73% used [0x00000000c0000000,0x00000000c4d806f0,0x00000000c6900000)
 Metaspace       used 57460K, capacity 60064K, committed 60376K, reserved 1103872K
  class space    used 5718K, capacity 6729K, committed 6872K, reserved 1048576K
}
Event: 128.126 GC heap before
{Heap before GC invocations=27 (full 4):
 PSYoungGen      total 40448K, used 40448K [0x00000000eab00000, 0x00000000efe00000, 0x0000000100000000)
  eden space 25088K, 100% used [0x00000000eab00000,0x00000000ec380000,0x00000000ec380000)
  from space 15360K, 100% used [0x00000000ec380000,0x00000000ed280000,0x00000000ed280000)
  to   space 28160K, 0% used [0x00000000ee280000,0x00000000ee280000,0x00000000efe00000)
 ParOldGen       total 107520K, used 79361K [0x00000000c0000000, 0x00000000c6900000, 0x00000000eab00000)
  object space 107520K, 73% used [0x00000000c0000000,0x00000000c4d806f0,0x00000000c6900000)
 Metaspace       used 57497K, capacity 60143K, committed 60376K, reserved 1103872K
  class space    used 5724K, capacity 6734K, committed 6872K, reserved 1048576K
}
Event: 128.240 GC heap after
{Heap after GC invocations=27 (full 4):
 PSYoungGen      total 29696K, used 464K [0x00000000eab00000, 0x00000000ee300000, 0x0000000100000000)
  eden space 29184K, 0% used [0x00000000eab00000,0x00000000eab00000,0x00000000ec780000)
  from space 512K, 90% used [0x00000000ee280000,0x00000000ee2f4010,0x00000000ee300000)
  to   space 9728K, 0% used [0x00000000ed000000,0x00000000ed000000,0x00000000ed980000)
 ParOldGen       total 107520K, used 94747K [0x00000000c0000000, 0x00000000c6900000, 0x00000000eab00000)
  object space 107520K, 88% used [0x00000000c0000000,0x00000000c5c86d18,0x00000000c6900000)
 Metaspace       used 57497K, capacity 60143K, committed 60376K, reserved 1103872K
  class space    used 5724K, capacity 6734K, committed 6872K, reserved 1048576K
}
Event: 128.240 GC heap before
{Heap before GC invocations=28 (full 5):
 PSYoungGen      total 29696K, used 464K [0x00000000eab00000, 0x00000000ee300000, 0x0000000100000000)
  eden space 29184K, 0% used [0x00000000eab00000,0x00000000eab00000,0x00000000ec780000)
  from space 512K, 90% used [0x00000000ee280000,0x00000000ee2f4010,0x00000000ee300000)
  to   space 9728K, 0% used [0x00000000ed000000,0x00000000ed000000,0x00000000ed980000)
 ParOldGen       total 107520K, used 94747K [0x00000000c0000000, 0x00000000c6900000, 0x00000000eab00000)
  object space 107520K, 88% used [0x00000000c0000000,0x00000000c5c86d18,0x00000000c6900000)
 Metaspace       used 57497K, capacity 60143K, committed 60376K, reserved 1103872K
  class space    used 5724K, capacity 6734K, committed 6872K, reserved 1048576K
}
Event: 129.626 GC heap after
{Heap after GC invocations=28 (full 5):
 PSYoungGen      total 43520K, used 0K [0x00000000eab00000, 0x00000000ee300000, 0x0000000100000000)
  eden space 33792K, 0% used [0x00000000eab00000,0x00000000eab00000,0x00000000ecc00000)
  from space 9728K, 0% used [0x00000000ed000000,0x00000000ed000000,0x00000000ed980000)
  to   space 9728K, 0% used [0x00000000ed980000,0x00000000ed980000,0x00000000ee300000)
 ParOldGen       total 162816K, used 70255K [0x00000000c0000000, 0x00000000c9f00000, 0x00000000eab00000)
  object space 162816K, 43% used [0x00000000c0000000,0x00000000c449bf38,0x00000000c9f00000)
 Metaspace       used 57497K, capacity 60143K, committed 60376K, reserved 1103872K
  class space    used 5724K, capacity 6734K, committed 6872K, reserved 1048576K
}
Event: 134.556 GC heap before
{Heap before GC invocations=29 (full 5):
 PSYoungGen      total 43520K, used 33792K [0x00000000eab00000, 0x00000000ee300000, 0x0000000100000000)
  eden space 33792K, 100% used [0x00000000eab00000,0x00000000ecc00000,0x00000000ecc00000)
  from space 9728K, 0% used [0x00000000ed000000,0x00000000ed000000,0x00000000ed980000)
  to   space 9728K, 0% used [0x00000000ed980000,0x00000000ed980000,0x00000000ee300000)
 ParOldGen       total 162816K, used 70255K [0x00000000c0000000, 0x00000000c9f00000, 0x00000000eab00000)
  object space 162816K, 43% used [0x00000000c0000000,0x00000000c449bf38,0x00000000c9f00000)
 Metaspace       used 59410K, capacity 62023K, committed 62296K, reserved 1103872K
  class space    used 5880K, capacity 6932K, committed 7000K, reserved 1048576K
}
Event: 134.684 GC heap after
{Heap after GC invocations=29 (full 5):
 PSYoungGen      total 43520K, used 4786K [0x00000000eab00000, 0x00000000ede80000, 0x0000000100000000)
  eden space 38400K, 0% used [0x00000000eab00000,0x00000000eab00000,0x00000000ed080000)
  from space 5120K, 93% used [0x00000000ed980000,0x00000000ede2cb98,0x00000000ede80000)
  to   space 6144K, 0% used [0x00000000ed280000,0x00000000ed280000,0x00000000ed880000)
 ParOldGen       total 162816K, used 70263K [0x00000000c0000000, 0x00000000c9f00000, 0x00000000eab00000)
  object space 162816K, 43% used [0x00000000c0000000,0x00000000c449df38,0x00000000c9f00000)
 Metaspace       used 59410K, capacity 62023K, committed 62296K, reserved 1103872K
  class space    used 5880K, capacity 6932K, committed 7000K, reserved 1048576K
}

Deoptimization events (20 events):
Event: 136.825 Thread 0x000002f1ba983800 Uncommon trap: trap_request=0xffffffd6 fr.pc=0x000002f1adf8ba28 relative=0x0000000000000468
Event: 136.825 Thread 0x000002f1ba983800 Uncommon trap: reason=array_check action=maybe_recompile pc=0x000002f1adf8ba28 method=java.util.TimSort.binarySort([Ljava/lang/Object;IIILjava/util/Comparator;)V @ 193 c2
Event: 136.825 Thread 0x000002f1ba983800 DEOPT PACKING pc=0x000002f1adf8ba28 sp=0x000000fb68afe910
Event: 136.825 Thread 0x000002f1ba983800 DEOPT UNPACKING pc=0x000002f1a60ba1aa sp=0x000000fb68afe8a8 mode 2
Event: 136.900 Thread 0x000002f1ba983800 Uncommon trap: trap_request=0xffffffd6 fr.pc=0x000002f1adf8ba28 relative=0x0000000000000468
Event: 136.900 Thread 0x000002f1ba983800 Uncommon trap: reason=array_check action=maybe_recompile pc=0x000002f1adf8ba28 method=java.util.TimSort.binarySort([Ljava/lang/Object;IIILjava/util/Comparator;)V @ 193 c2
Event: 136.900 Thread 0x000002f1ba983800 DEOPT PACKING pc=0x000002f1adf8ba28 sp=0x000000fb68afe2e0
Event: 136.900 Thread 0x000002f1ba983800 DEOPT UNPACKING pc=0x000002f1a60ba1aa sp=0x000000fb68afe278 mode 2
Event: 136.900 Thread 0x000002f1ba983800 Uncommon trap: trap_request=0xffffffd6 fr.pc=0x000002f1adf8b94c relative=0x000000000000038c
Event: 136.900 Thread 0x000002f1ba983800 Uncommon trap: reason=array_check action=maybe_recompile pc=0x000002f1adf8b94c method=java.util.TimSort.binarySort([Ljava/lang/Object;IIILjava/util/Comparator;)V @ 215 c2
Event: 136.900 Thread 0x000002f1ba983800 DEOPT PACKING pc=0x000002f1adf8b94c sp=0x000000fb68afe100
Event: 136.900 Thread 0x000002f1ba983800 DEOPT UNPACKING pc=0x000002f1a60ba1aa sp=0x000000fb68afe098 mode 2
Event: 136.900 Thread 0x000002f1ba983800 Uncommon trap: trap_request=0xffffffd6 fr.pc=0x000002f1adf8b94c relative=0x000000000000038c
Event: 136.900 Thread 0x000002f1ba983800 Uncommon trap: reason=array_check action=maybe_recompile pc=0x000002f1adf8b94c method=java.util.TimSort.binarySort([Ljava/lang/Object;IIILjava/util/Comparator;)V @ 215 c2
Event: 136.900 Thread 0x000002f1ba983800 DEOPT PACKING pc=0x000002f1adf8b94c sp=0x000000fb68afe100
Event: 136.900 Thread 0x000002f1ba983800 DEOPT UNPACKING pc=0x000002f1a60ba1aa sp=0x000000fb68afe098 mode 2
Event: 136.902 Thread 0x000002f1ba983800 Uncommon trap: trap_request=0xffffffd6 fr.pc=0x000002f1adf68524 relative=0x00000000000007c4
Event: 136.902 Thread 0x000002f1ba983800 Uncommon trap: reason=array_check action=maybe_recompile pc=0x000002f1adf68524 method=java.util.TimSort.binarySort([Ljava/lang/Object;IIILjava/util/Comparator;)V @ 215 c2
Event: 136.902 Thread 0x000002f1ba983800 DEOPT PACKING pc=0x000002f1adf68524 sp=0x000000fb68afe0f0
Event: 136.902 Thread 0x000002f1ba983800 DEOPT UNPACKING pc=0x000002f1a60ba1aa sp=0x000000fb68afe098 mode 2

Classes redefined (0 events):
No events

Internal exceptions (20 events):
Event: 132.591 Thread 0x000002f1b9829800 Exception <a 'java/lang/ArrayIndexOutOfBoundsException'{0x00000000ecb3da70}> (0x00000000ecb3da70) thrown at [./src/hotspot/share/runtime/sharedRuntime.cpp, line 606]
Event: 132.591 Thread 0x000002f1b9829800 Exception <a 'java/lang/ArrayIndexOutOfBoundsException'{0x00000000ecb3de20}> (0x00000000ecb3de20) thrown at [./src/hotspot/share/runtime/sharedRuntime.cpp, line 606]
Event: 132.665 Thread 0x000002f1b9829800 Exception <a 'java/lang/ArrayIndexOutOfBoundsException'{0x00000000ecb48c18}> (0x00000000ecb48c18) thrown at [./src/hotspot/share/runtime/sharedRuntime.cpp, line 606]
Event: 136.530 Thread 0x000002f1bd310800 Exception <a 'java/lang/ArrayIndexOutOfBoundsException'{0x00000000eae751d0}> (0x00000000eae751d0) thrown at [./src/hotspot/share/runtime/sharedRuntime.cpp, line 606]
Event: 136.537 Thread 0x000002f1bd310800 Exception <a 'java/lang/ArrayIndexOutOfBoundsException'{0x00000000eae9c840}> (0x00000000eae9c840) thrown at [./src/hotspot/share/runtime/sharedRuntime.cpp, line 606]
Event: 136.537 Thread 0x000002f1bd310800 Exception <a 'java/lang/ArrayIndexOutOfBoundsException'{0x00000000eae9cbd8}> (0x00000000eae9cbd8) thrown at [./src/hotspot/share/runtime/sharedRuntime.cpp, line 606]
Event: 136.537 Thread 0x000002f1bd310800 Exception <a 'java/lang/ArrayIndexOutOfBoundsException'{0x00000000eae9cf88}> (0x00000000eae9cf88) thrown at [./src/hotspot/share/runtime/sharedRuntime.cpp, line 606]
Event: 136.540 Thread 0x000002f1bd310800 Exception <a 'java/lang/ArrayIndexOutOfBoundsException'{0x00000000eaea6358}> (0x00000000eaea6358) thrown at [./src/hotspot/share/runtime/sharedRuntime.cpp, line 606]
Event: 136.591 Thread 0x000002f1ba983800 Exception <a 'java/lang/ArrayIndexOutOfBoundsException'{0x00000000eaf10750}> (0x00000000eaf10750) thrown at [./src/hotspot/share/runtime/sharedRuntime.cpp, line 606]
Event: 136.657 Thread 0x000002f1ba983800 Exception <a 'java/lang/ArrayIndexOutOfBoundsException'{0x00000000eaf29ab0}> (0x00000000eaf29ab0) thrown at [./src/hotspot/share/runtime/sharedRuntime.cpp, line 606]
Event: 136.657 Thread 0x000002f1ba983800 Exception <a 'java/lang/ArrayIndexOutOfBoundsException'{0x00000000eaf29dd0}> (0x00000000eaf29dd0) thrown at [./src/hotspot/share/runtime/sharedRuntime.cpp, line 606]
Event: 136.657 Thread 0x000002f1ba983800 Exception <a 'java/lang/ArrayIndexOutOfBoundsException'{0x00000000eaf2a180}> (0x00000000eaf2a180) thrown at [./src/hotspot/share/runtime/sharedRuntime.cpp, line 606]
Event: 136.659 Thread 0x000002f1ba983800 Exception <a 'java/lang/ArrayIndexOutOfBoundsException'{0x00000000eaf35b98}> (0x00000000eaf35b98) thrown at [./src/hotspot/share/runtime/sharedRuntime.cpp, line 606]
Event: 136.732 Thread 0x000002f1bd314000 Exception <a 'java/lang/ArrayIndexOutOfBoundsException'{0x00000000eb045180}> (0x00000000eb045180) thrown at [./src/hotspot/share/runtime/sharedRuntime.cpp, line 606]
Event: 136.732 Thread 0x000002f1bd314000 Exception <a 'java/lang/ArrayIndexOutOfBoundsException'{0x00000000eb0454a0}> (0x00000000eb0454a0) thrown at [./src/hotspot/share/runtime/sharedRuntime.cpp, line 606]
Event: 137.303 Thread 0x000002f1ba983800 Exception <a 'java/lang/ArrayIndexOutOfBoundsException'{0x00000000eb3a97f8}> (0x00000000eb3a97f8) thrown at [./src/hotspot/share/runtime/sharedRuntime.cpp, line 606]
Event: 137.315 Thread 0x000002f1ba983800 Exception <a 'java/lang/ArrayIndexOutOfBoundsException'{0x00000000eb3d4b00}> (0x00000000eb3d4b00) thrown at [./src/hotspot/share/runtime/sharedRuntime.cpp, line 606]
Event: 137.315 Thread 0x000002f1ba983800 Exception <a 'java/lang/ArrayIndexOutOfBoundsException'{0x00000000eb3d4e98}> (0x00000000eb3d4e98) thrown at [./src/hotspot/share/runtime/sharedRuntime.cpp, line 606]
Event: 137.315 Thread 0x000002f1ba983800 Exception <a 'java/lang/ArrayIndexOutOfBoundsException'{0x00000000eb3d5248}> (0x00000000eb3d5248) thrown at [./src/hotspot/share/runtime/sharedRuntime.cpp, line 606]
Event: 137.316 Thread 0x000002f1ba983800 Exception <a 'java/lang/ArrayIndexOutOfBoundsException'{0x00000000eb3e15f0}> (0x00000000eb3e15f0) thrown at [./src/hotspot/share/runtime/sharedRuntime.cpp, line 606]

Events (20 events):
Event: 137.430 Executing VM operation: RevokeBias done
Event: 137.430 Executing VM operation: RevokeBias
Event: 137.431 Executing VM operation: RevokeBias done
Event: 137.431 Executing VM operation: RevokeBias
Event: 137.431 Executing VM operation: RevokeBias done
Event: 137.431 Executing VM operation: RevokeBias
Event: 137.431 Executing VM operation: RevokeBias done
Event: 137.431 Executing VM operation: RevokeBias
Event: 137.431 Executing VM operation: RevokeBias done
Event: 137.431 Executing VM operation: RevokeBias
Event: 137.432 Executing VM operation: RevokeBias done
Event: 137.432 Executing VM operation: RevokeBias
Event: 137.432 Executing VM operation: RevokeBias done
Event: 137.432 Executing VM operation: RevokeBias
Event: 137.432 Executing VM operation: RevokeBias done
Event: 137.433 Executing VM operation: RevokeBias
Event: 137.434 Executing VM operation: RevokeBias done
Event: 137.434 Executing VM operation: RevokeBias
Event: 137.434 Executing VM operation: RevokeBias done
Event: 137.450 Thread 0x000002f1bd318000 Thread exited: 0x000002f1bd318000


Dynamic libraries:
0x00007ff69d170000 - 0x00007ff69d17d000 	C:\Program Files\Eclipse Foundation\jdk-11.0.12.7-hotspot\bin\java.exe
0x00007fff27010000 - 0x00007fff27205000 	C:\WINDOWS\SYSTEM32\ntdll.dll
0x00007fff25f00000 - 0x00007fff25fbe000 	C:\WINDOWS\System32\KERNEL32.DLL
0x00007fff24be0000 - 0x00007fff24ea8000 	C:\WINDOWS\System32\KERNELBASE.dll
0x00007fff248f0000 - 0x00007fff249f0000 	C:\WINDOWS\System32\ucrtbase.dll
0x00007fff13bc0000 - 0x00007fff13bd7000 	C:\Program Files\Eclipse Foundation\jdk-11.0.12.7-hotspot\bin\jli.dll
0x00007fff26b60000 - 0x00007fff26d01000 	C:\WINDOWS\System32\USER32.dll
0x00007fff24bb0000 - 0x00007fff24bd2000 	C:\WINDOWS\System32\win32u.dll
0x00007fff26f70000 - 0x00007fff26f9b000 	C:\WINDOWS\System32\GDI32.dll
0x00007fff249f0000 - 0x00007fff24afb000 	C:\WINDOWS\System32\gdi32full.dll
0x00007fff24f70000 - 0x00007fff2500d000 	C:\WINDOWS\System32\msvcp_win.dll
0x00007fff13950000 - 0x00007fff13965000 	C:\Program Files\Eclipse Foundation\jdk-11.0.12.7-hotspot\bin\VCRUNTIME140.dll
0x00007fff165c0000 - 0x00007fff1685a000 	C:\WINDOWS\WinSxS\amd64_microsoft.windows.common-controls_6595b64144ccf1df_6.0.19041.1110_none_60b5254171f9507e\COMCTL32.dll
0x00007fff26180000 - 0x00007fff2621e000 	C:\WINDOWS\System32\msvcrt.dll
0x00007fff26fa0000 - 0x00007fff26fd0000 	C:\WINDOWS\System32\IMM32.DLL
0x00007ffefc400000 - 0x00007ffefc49b000 	C:\Program Files\Eclipse Foundation\jdk-11.0.12.7-hotspot\bin\msvcp140.dll
0x00007ffed5a00000 - 0x00007ffed6559000 	C:\Program Files\Eclipse Foundation\jdk-11.0.12.7-hotspot\bin\server\jvm.dll
0x00007fff26980000 - 0x00007fff26a2c000 	C:\WINDOWS\System32\ADVAPI32.dll
0x00007fff26580000 - 0x00007fff2661b000 	C:\WINDOWS\System32\sechost.dll
0x00007fff26a30000 - 0x00007fff26b5a000 	C:\WINDOWS\System32\RPCRT4.dll
0x00007fff26220000 - 0x00007fff26228000 	C:\WINDOWS\System32\PSAPI.DLL
0x00007fff200c0000 - 0x00007fff200c9000 	C:\WINDOWS\SYSTEM32\WSOCK32.dll
0x00007fff26500000 - 0x00007fff2656b000 	C:\WINDOWS\System32\WS2_32.dll
0x00007fff16e40000 - 0x00007fff16e67000 	C:\WINDOWS\SYSTEM32\WINMM.dll
0x00007fff15eb0000 - 0x00007fff15eba000 	C:\WINDOWS\SYSTEM32\VERSION.dll
0x00007fff23040000 - 0x00007fff23052000 	C:\WINDOWS\SYSTEM32\kernel.appcore.dll
0x00007fff1ee60000 - 0x00007fff1ee70000 	C:\Program Files\Eclipse Foundation\jdk-11.0.12.7-hotspot\bin\verify.dll
0x00007fff111a0000 - 0x00007fff11384000 	C:\WINDOWS\SYSTEM32\DBGHELP.DLL
0x00007fff11170000 - 0x00007fff1119c000 	C:\WINDOWS\SYSTEM32\dbgcore.DLL
0x00007fff24ee0000 - 0x00007fff24f63000 	C:\WINDOWS\System32\bcryptPrimitives.dll
0x00007fff0cfa0000 - 0x00007fff0cfc8000 	C:\Program Files\Eclipse Foundation\jdk-11.0.12.7-hotspot\bin\java.dll
0x00007fff1e410000 - 0x00007fff1e41a000 	C:\Program Files\Eclipse Foundation\jdk-11.0.12.7-hotspot\bin\jimage.dll
0x00007fff0e6c0000 - 0x00007fff0e6d7000 	C:\Program Files\Eclipse Foundation\jdk-11.0.12.7-hotspot\bin\zip.dll
0x00007fff25610000 - 0x00007fff25d4f000 	C:\WINDOWS\System32\SHELL32.dll
0x00007fff227a0000 - 0x00007fff22f30000 	C:\WINDOWS\SYSTEM32\windows.storage.dll
0x00007fff26620000 - 0x00007fff26975000 	C:\WINDOWS\System32\combase.dll
0x00007fff24110000 - 0x00007fff2413e000 	C:\WINDOWS\SYSTEM32\Wldp.dll
0x00007fff26d10000 - 0x00007fff26dbd000 	C:\WINDOWS\System32\SHCORE.dll
0x00007fff26290000 - 0x00007fff262e5000 	C:\WINDOWS\System32\shlwapi.dll
0x00007fff246d0000 - 0x00007fff246ef000 	C:\WINDOWS\SYSTEM32\profapi.dll
0x00007fff0d440000 - 0x00007fff0d459000 	C:\Program Files\Eclipse Foundation\jdk-11.0.12.7-hotspot\bin\net.dll
0x00007fff18460000 - 0x00007fff1856c000 	C:\WINDOWS\SYSTEM32\WINHTTP.dll
0x00007fff23e70000 - 0x00007fff23eda000 	C:\WINDOWS\system32\mswsock.dll
0x00007fff0b8e0000 - 0x00007fff0b8f2000 	C:\Program Files\Eclipse Foundation\jdk-11.0.12.7-hotspot\bin\nio.dll
0x00007fff24060000 - 0x00007fff24078000 	C:\WINDOWS\SYSTEM32\CRYPTSP.dll
0x00007fff237f0000 - 0x00007fff23824000 	C:\WINDOWS\system32\rsaenh.dll
0x00007fff24eb0000 - 0x00007fff24ed7000 	C:\WINDOWS\System32\bcrypt.dll
0x00007fff24690000 - 0x00007fff246be000 	C:\WINDOWS\SYSTEM32\USERENV.dll
0x00007fff24080000 - 0x00007fff2408c000 	C:\WINDOWS\SYSTEM32\CRYPTBASE.dll
0x00007fff23b60000 - 0x00007fff23b9b000 	C:\WINDOWS\SYSTEM32\IPHLPAPI.DLL
0x00007fff26570000 - 0x00007fff26578000 	C:\WINDOWS\System32\NSI.dll
0x00007fff18400000 - 0x00007fff18417000 	C:\WINDOWS\SYSTEM32\dhcpcsvc6.DLL
0x00007fff18a80000 - 0x00007fff18a9d000 	C:\WINDOWS\SYSTEM32\dhcpcsvc.DLL
0x00007fff23ba0000 - 0x00007fff23c6b000 	C:\WINDOWS\SYSTEM32\DNSAPI.dll
0x00007fff0e5a0000 - 0x00007fff0e5de000 	C:\Users\HP\AppData\Roaming\Code\User\globalStorage\redhat.java\1.0.0\config_win\org.eclipse.equinox.launcher\org.eclipse.equinox.launcher.win32.win32.x86_64_1.2.400.v20210928-1041\eclipse_11600.dll
0x00007fff262f0000 - 0x00007fff2641a000 	C:\WINDOWS\System32\ole32.dll
0x00007fff10ea0000 - 0x00007fff10eb1000 	C:\Users\HP\AppData\Roaming\Code\User\globalStorage\redhat.java\1.0.0\config_win\org.eclipse.osgi\22\0\.cp\jWinHttp-1.0.0.dll
0x00007fff0e690000 - 0x00007fff0e6b5000 	C:\Program Files\Eclipse Foundation\jdk-11.0.12.7-hotspot\bin\sunec.dll
0x00007fff15c20000 - 0x00007fff15c2a000 	C:\Windows\System32\rasadhlp.dll
0x00007fff16a30000 - 0x00007fff16aaf000 	C:\WINDOWS\System32\fwpuclnt.dll
0x00007fff1eeb0000 - 0x00007fff1eebe000 	C:\Program Files\Eclipse Foundation\jdk-11.0.12.7-hotspot\bin\sunmscapi.dll
0x00007fff24790000 - 0x00007fff248e6000 	C:\WINDOWS\System32\CRYPT32.dll
0x00007fff24180000 - 0x00007fff241a7000 	C:\WINDOWS\SYSTEM32\ncrypt.dll
0x00007fff24140000 - 0x00007fff2417b000 	C:\WINDOWS\SYSTEM32\NTASN1.dll

dbghelp: loaded successfully - version: 4.0.5 - missing functions: none
symbol engine: initialized successfully - sym options: 0x614 - pdb path: .;C:\Program Files\Eclipse Foundation\jdk-11.0.12.7-hotspot\bin;C:\WINDOWS\SYSTEM32;C:\WINDOWS\WinSxS\amd64_microsoft.windows.common-controls_6595b64144ccf1df_6.0.19041.1110_none_60b5254171f9507e;C:\Program Files\Eclipse Foundation\jdk-11.0.12.7-hotspot\bin\server;C:\Users\HP\AppData\Roaming\Code\User\globalStorage\redhat.java\1.0.0\config_win\org.eclipse.equinox.launcher\org.eclipse.equinox.launcher.win32.win32.x86_64_1.2.400.v20210928-1041;C:\Users\HP\AppData\Roaming\Code\User\globalStorage\redhat.java\1.0.0\config_win\org.eclipse.osgi\22\0\.cp

VM Arguments:
jvm_args: --add-modules=ALL-SYSTEM --add-opens=java.base/java.util=ALL-UNNAMED --add-opens=java.base/java.lang=ALL-UNNAMED -Declipse.application=org.eclipse.jdt.ls.core.id1 -Dosgi.bundles.defaultStartLevel=4 -Declipse.product=org.eclipse.jdt.ls.core.product -Dfile.encoding=utf8 -DwatchParentProcess=false -XX:+UseParallelGC -XX:GCTimeRatio=4 -XX:AdaptiveSizePolicyWeight=90 -Dsun.zip.disableMemoryMapping=true -Xmx1G -Xms100m -Xverify:none 
java_command: c:\Users\HP\.vscode\extensions\redhat.java-1.0.0\server\plugins\org.eclipse.equinox.launcher_1.6.400.v20210924-0641.jar -configuration c:\Users\HP\AppData\Roaming\Code\User\globalStorage\redhat.java\1.0.0\config_win -data c:\Users\HP\AppData\Roaming\Code\User\workspaceStorage\6387b7759385e639c85cc7f12ee0be0f\redhat.java\jdt_ws
java_class_path (initial): c:\Users\HP\.vscode\extensions\redhat.java-1.0.0\server\plugins\org.eclipse.equinox.launcher_1.6.400.v20210924-0641.jar
Launcher Type: SUN_STANDARD

[Global flags]
    uintx AdaptiveSizePolicyWeight                 = 90                                        {product} {command line}
     bool BytecodeVerificationLocal                = false                                     {product} {command line}
     bool BytecodeVerificationRemote               = false                                     {product} {command line}
     intx CICompilerCount                          = 2                                         {product} {ergonomic}
    uintx GCTimeRatio                              = 4                                         {product} {command line}
   size_t InitialHeapSize                          = 104857600                                 {product} {command line}
   size_t MaxHeapSize                              = 1073741824                                {product} {command line}
   size_t MaxNewSize                               = 357564416                                 {product} {ergonomic}
   size_t MinHeapDeltaBytes                        = 524288                                    {product} {ergonomic}
   size_t NewSize                                  = 34603008                                  {product} {ergonomic}
    uintx NonNMethodCodeHeapSize                   = 5825164                                {pd product} {ergonomic}
    uintx NonProfiledCodeHeapSize                  = 122916538                              {pd product} {ergonomic}
   size_t OldSize                                  = 70254592                                  {product} {ergonomic}
    uintx ProfiledCodeHeapSize                     = 122916538                              {pd product} {ergonomic}
    uintx ReservedCodeCacheSize                    = 251658240                              {pd product} {ergonomic}
     bool SegmentedCodeCache                       = true                                      {product} {ergonomic}
     bool UseCompressedClassPointers               = true                                 {lp64_product} {ergonomic}
     bool UseCompressedOops                        = true                                 {lp64_product} {ergonomic}
     bool UseLargePagesIndividualAllocation        = false                                  {pd product} {ergonomic}
     bool UseParallelGC                            = true                                      {product} {command line}

Logging:
Log output configuration:
 #0: stdout all=warning uptime,level,tags
 #1: stderr all=off uptime,level,tags

Environment Variables:
PATH=C:\Program Files\Eclipse Foundation\jdk-11.0.12.7-hotspot\bin;C:\Program Files (x86)\Common Files\Oracle\Java\javapath;C:\WINDOWS\system32;C:\WINDOWS;C:\WINDOWS\System32\Wbem;C:\WINDOWS\System32\WindowsPowerShell\v1.0\;C:\WINDOWS\System32\OpenSSH\;C:\Users\HP\AppData\Local\Microsoft\WindowsApps;;C:\Users\HP\AppData\Local\Programs\Microsoft VS Code\bin
USERNAME=HP
OS=Windows_NT
PROCESSOR_IDENTIFIER=Intel64 Family 6 Model 55 Stepping 3, GenuineIntel



---------------  S Y S T E M  ---------------

OS: Windows 10 , 64 bit Build 19041 (10.0.19041.1348)
OS uptime: 1 days 1:26 hours

CPU:total 2 (initial active 2) (2 cores per cpu, 1 threads per core) family 6 model 55 stepping 3 microcode 0x326, cmov, cx8, fxsr, mmx, sse, sse2, sse3, ssse3, sse4.1, sse4.2, popcnt, clmul, erms, 3dnowpref, tsc, tscinvbit

Memory: 4k page, system-wide physical 3983M (507M free)
TotalPageFile size 3983M (AvailPageFile size 3M)
current process WorkingSet (physical memory assigned to process): 337M, peak: 344M
current process commit charge ("private bytes"): 430M, peak: 440M

vm_info: OpenJDK 64-Bit Server VM (11.0.12+7) for windows-amd64 JRE (11.0.12+7), built on Jul 21 2021 16:23:49 by "" with unknown MS VC++:1916

END.
